{"/workspace/src/server.js": {"path":"/workspace/src/server.js","statementMap":{"0":{"start":{"line":1,"column":0},"end":{"line":1,"column":27}},"1":{"start":{"line":2,"column":19},"end":{"line":2,"column":37}},"2":{"start":{"line":3,"column":19},"end":{"line":3,"column":34}},"3":{"start":{"line":4,"column":19},"end":{"line":4,"column":36}},"4":{"start":{"line":5,"column":19},"end":{"line":5,"column":34}},"5":{"start":{"line":6,"column":19},"end":{"line":6,"column":48}},"6":{"start":{"line":7,"column":19},"end":{"line":7,"column":50}},"7":{"start":{"line":8,"column":30},"end":{"line":8,"column":61}},"8":{"start":{"line":10,"column":12},"end":{"line":10,"column":21}},"9":{"start":{"line":12,"column":0},"end":{"line":12,"column":75}},"10":{"start":{"line":13,"column":0},"end":{"line":13,"column":76}},"11":{"start":{"line":14,"column":0},"end":{"line":14,"column":24}},"12":{"start":{"line":15,"column":0},"end":{"line":15,"column":72}},"13":{"start":{"line":17,"column":20},"end":{"line":17,"column":133}},"14":{"start":{"line":18,"column":20},"end":{"line":18,"column":125}},"15":{"start":{"line":19,"column":0},"end":{"line":19,"column":101}},"16":{"start":{"line":21,"column":0},"end":{"line":21,"column":90}},"17":{"start":{"line":21,"column":28},"end":{"line":21,"column":88}},"18":{"start":{"line":23,"column":0},"end":{"line":23,"column":73}},"19":{"start":{"line":24,"column":0},"end":{"line":24,"column":60}},"20":{"start":{"line":25,"column":0},"end":{"line":25,"column":63}},"21":{"start":{"line":26,"column":0},"end":{"line":26,"column":59}},"22":{"start":{"line":27,"column":0},"end":{"line":27,"column":64}},"23":{"start":{"line":28,"column":0},"end":{"line":28,"column":63}},"24":{"start":{"line":29,"column":0},"end":{"line":29,"column":66}},"25":{"start":{"line":30,"column":0},"end":{"line":30,"column":60}},"26":{"start":{"line":31,"column":0},"end":{"line":31,"column":62}},"27":{"start":{"line":32,"column":0},"end":{"line":32,"column":68}},"28":{"start":{"line":33,"column":0},"end":{"line":33,"column":64}},"29":{"start":{"line":34,"column":0},"end":{"line":34,"column":64}},"30":{"start":{"line":35,"column":0},"end":{"line":35,"column":64}},"31":{"start":{"line":36,"column":0},"end":{"line":36,"column":61}},"32":{"start":{"line":38,"column":0},"end":{"line":41,"column":3}},"33":{"start":{"line":39,"column":2},"end":{"line":39,"column":21}},"34":{"start":{"line":40,"column":2},"end":{"line":40,"column":72}},"35":{"start":{"line":43,"column":13},"end":{"line":43,"column":37}},"36":{"start":{"line":45,"column":0},"end":{"line":49,"column":3}},"37":{"start":{"line":46,"column":2},"end":{"line":46,"column":40}},"38":{"start":{"line":47,"column":2},"end":{"line":47,"column":20}},"39":{"start":{"line":48,"column":2},"end":{"line":48,"column":22}}},"fnMap":{"0":{"name":"(anonymous_0)","decl":{"start":{"line":21,"column":13},"end":{"line":21,"column":14}},"loc":{"start":{"line":21,"column":28},"end":{"line":21,"column":88}},"line":21},"1":{"name":"(anonymous_1)","decl":{"start":{"line":38,"column":8},"end":{"line":38,"column":9}},"loc":{"start":{"line":38,"column":35},"end":{"line":41,"column":1}},"line":38},"2":{"name":"(anonymous_2)","decl":{"start":{"line":45,"column":17},"end":{"line":45,"column":18}},"loc":{"start":{"line":45,"column":29},"end":{"line":49,"column":1}},"line":45}},"branchMap":{"0":{"loc":{"start":{"line":13,"column":23},"end":{"line":13,"column":52}},"type":"binary-expr","locations":[{"start":{"line":13,"column":23},"end":{"line":13,"column":45}},{"start":{"line":13,"column":49},"end":{"line":13,"column":52}}],"line":13},"1":{"loc":{"start":{"line":40,"column":34},"end":{"line":40,"column":68}},"type":"binary-expr","locations":[{"start":{"line":40,"column":34},"end":{"line":40,"column":45}},{"start":{"line":40,"column":49},"end":{"line":40,"column":68}}],"line":40},"2":{"loc":{"start":{"line":43,"column":13},"end":{"line":43,"column":37}},"type":"binary-expr","locations":[{"start":{"line":43,"column":13},"end":{"line":43,"column":29}},{"start":{"line":43,"column":33},"end":{"line":43,"column":37}}],"line":43}},"s":{"0":1,"1":1,"2":1,"3":1,"4":1,"5":1,"6":1,"7":1,"8":1,"9":1,"10":1,"11":1,"12":1,"13":1,"14":1,"15":1,"16":1,"17":0,"18":1,"19":1,"20":1,"21":1,"22":1,"23":1,"24":1,"25":1,"26":1,"27":1,"28":1,"29":1,"30":1,"31":1,"32":1,"33":0,"34":0,"35":1,"36":1,"37":0,"38":0,"39":0},"f":{"0":0,"1":0,"2":0},"b":{"0":[1,1],"1":[0,0],"2":[1,1]},"_coverageSchema":"1a1c01bbd47fc00a2c39e90264f33305004495a9","hash":"cd537c76ae97304521e2bba72a2f0cd3dd47a778"}
,"/workspace/src/controllers/adminController.js": {"path":"/workspace/src/controllers/adminController.js","statementMap":{"0":{"start":{"line":1,"column":14},"end":{"line":1,"column":35}},"1":{"start":{"line":2,"column":14},"end":{"line":2,"column":42}},"2":{"start":{"line":4,"column":14},"end":{"line":4,"column":105}},"3":{"start":{"line":4,"column":23},"end":{"line":4,"column":105}},"4":{"start":{"line":9,"column":26},"end":{"line":60,"column":1}},"5":{"start":{"line":10,"column":2},"end":{"line":59,"column":91}},"6":{"start":{"line":11,"column":74},"end":{"line":33,"column":6}},"7":{"start":{"line":35,"column":30},"end":{"line":35,"column":32}},"8":{"start":{"line":36,"column":30},"end":{"line":36,"column":32}},"9":{"start":{"line":37,"column":30},"end":{"line":37,"column":32}},"10":{"start":{"line":38,"column":30},"end":{"line":38,"column":32}},"11":{"start":{"line":40,"column":4},"end":{"line":40,"column":77}},"12":{"start":{"line":40,"column":34},"end":{"line":40,"column":73}},"13":{"start":{"line":41,"column":4},"end":{"line":41,"column":77}},"14":{"start":{"line":41,"column":34},"end":{"line":41,"column":73}},"15":{"start":{"line":42,"column":4},"end":{"line":42,"column":105}},"16":{"start":{"line":42,"column":34},"end":{"line":42,"column":101}},"17":{"start":{"line":43,"column":4},"end":{"line":43,"column":77}},"18":{"start":{"line":43,"column":34},"end":{"line":43,"column":73}},"19":{"start":{"line":45,"column":4},"end":{"line":58,"column":7}},"20":{"start":{"line":59,"column":18},"end":{"line":59,"column":89}},"21":{"start":{"line":65,"column":18},"end":{"line":85,"column":1}},"22":{"start":{"line":66,"column":60},"end":{"line":66,"column":69}},"23":{"start":{"line":67,"column":17},"end":{"line":67,"column":48}},"24":{"start":{"line":68,"column":21},"end":{"line":68,"column":23}},"25":{"start":{"line":68,"column":40},"end":{"line":68,"column":42}},"26":{"start":{"line":68,"column":52},"end":{"line":68,"column":53}},"27":{"start":{"line":70,"column":2},"end":{"line":70,"column":113}},"28":{"start":{"line":70,"column":19},"end":{"line":70,"column":78}},"29":{"start":{"line":70,"column":79},"end":{"line":70,"column":106}},"30":{"start":{"line":70,"column":107},"end":{"line":70,"column":111}},"31":{"start":{"line":71,"column":2},"end":{"line":71,"column":80}},"32":{"start":{"line":71,"column":19},"end":{"line":71,"column":51}},"33":{"start":{"line":71,"column":60},"end":{"line":71,"column":78}},"34":{"start":{"line":72,"column":2},"end":{"line":72,"column":70}},"35":{"start":{"line":72,"column":31},"end":{"line":72,"column":68}},"36":{"start":{"line":73,"column":2},"end":{"line":73,"column":71}},"37":{"start":{"line":73,"column":31},"end":{"line":73,"column":69}},"38":{"start":{"line":75,"column":16},"end":{"line":75,"column":76}},"39":{"start":{"line":76,"column":2},"end":{"line":84,"column":91}},"40":{"start":{"line":77,"column":21},"end":{"line":81,"column":5}},"41":{"start":{"line":82,"column":18},"end":{"line":82,"column":81}},"42":{"start":{"line":83,"column":4},"end":{"line":83,"column":87}},"43":{"start":{"line":84,"column":18},"end":{"line":84,"column":89}},"44":{"start":{"line":88,"column":16},"end":{"line":102,"column":1}},"45":{"start":{"line":89,"column":2},"end":{"line":101,"column":91}},"46":{"start":{"line":90,"column":21},"end":{"line":98,"column":5}},"47":{"start":{"line":99,"column":4},"end":{"line":99,"column":82}},"48":{"start":{"line":99,"column":22},"end":{"line":99,"column":82}},"49":{"start":{"line":100,"column":4},"end":{"line":100,"column":32}},"50":{"start":{"line":101,"column":18},"end":{"line":101,"column":89}},"51":{"start":{"line":105,"column":23},"end":{"line":125,"column":1}},"52":{"start":{"line":106,"column":19},"end":{"line":106,"column":27}},"53":{"start":{"line":107,"column":2},"end":{"line":107,"column":113}},"54":{"start":{"line":107,"column":41},"end":{"line":107,"column":113}},"55":{"start":{"line":110,"column":2},"end":{"line":111,"column":76}},"56":{"start":{"line":111,"column":4},"end":{"line":111,"column":76}},"57":{"start":{"line":113,"column":2},"end":{"line":124,"column":91}},"58":{"start":{"line":114,"column":21},"end":{"line":117,"column":5}},"59":{"start":{"line":118,"column":4},"end":{"line":118,"column":82}},"60":{"start":{"line":118,"column":22},"end":{"line":118,"column":82}},"61":{"start":{"line":120,"column":4},"end":{"line":121,"column":80}},"62":{"start":{"line":123,"column":4},"end":{"line":123,"column":74}},"63":{"start":{"line":124,"column":18},"end":{"line":124,"column":89}},"64":{"start":{"line":128,"column":20},"end":{"line":145,"column":1}},"65":{"start":{"line":129,"column":21},"end":{"line":129,"column":29}},"66":{"start":{"line":130,"column":2},"end":{"line":130,"column":111}},"67":{"start":{"line":130,"column":38},"end":{"line":130,"column":111}},"68":{"start":{"line":132,"column":2},"end":{"line":144,"column":91}},"69":{"start":{"line":133,"column":21},"end":{"line":137,"column":5}},"70":{"start":{"line":138,"column":4},"end":{"line":138,"column":82}},"71":{"start":{"line":138,"column":22},"end":{"line":138,"column":82}},"72":{"start":{"line":140,"column":4},"end":{"line":141,"column":91}},"73":{"start":{"line":143,"column":4},"end":{"line":143,"column":61}},"74":{"start":{"line":144,"column":18},"end":{"line":144,"column":89}},"75":{"start":{"line":148,"column":22},"end":{"line":162,"column":1}},"76":{"start":{"line":149,"column":2},"end":{"line":161,"column":91}},"77":{"start":{"line":150,"column":21},"end":{"line":154,"column":5}},"78":{"start":{"line":155,"column":4},"end":{"line":155,"column":82}},"79":{"start":{"line":155,"column":22},"end":{"line":155,"column":82}},"80":{"start":{"line":157,"column":4},"end":{"line":158,"column":64}},"81":{"start":{"line":160,"column":4},"end":{"line":160,"column":63}},"82":{"start":{"line":161,"column":18},"end":{"line":161,"column":89}},"83":{"start":{"line":165,"column":19},"end":{"line":178,"column":1}},"84":{"start":{"line":166,"column":2},"end":{"line":166,"column":110}},"85":{"start":{"line":166,"column":38},"end":{"line":166,"column":110}},"86":{"start":{"line":167,"column":2},"end":{"line":177,"column":91}},"87":{"start":{"line":168,"column":21},"end":{"line":168,"column":99}},"88":{"start":{"line":169,"column":4},"end":{"line":169,"column":82}},"89":{"start":{"line":169,"column":22},"end":{"line":169,"column":82}},"90":{"start":{"line":171,"column":4},"end":{"line":171,"column":71}},"91":{"start":{"line":173,"column":4},"end":{"line":174,"column":65}},"92":{"start":{"line":176,"column":4},"end":{"line":176,"column":43}},"93":{"start":{"line":177,"column":18},"end":{"line":177,"column":89}},"94":{"start":{"line":183,"column":20},"end":{"line":208,"column":1}},"95":{"start":{"line":184,"column":51},"end":{"line":184,"column":60}},"96":{"start":{"line":185,"column":17},"end":{"line":185,"column":48}},"97":{"start":{"line":186,"column":21},"end":{"line":186,"column":23}},"98":{"start":{"line":186,"column":40},"end":{"line":186,"column":42}},"99":{"start":{"line":186,"column":52},"end":{"line":186,"column":53}},"100":{"start":{"line":187,"column":2},"end":{"line":187,"column":75}},"101":{"start":{"line":187,"column":16},"end":{"line":187,"column":52}},"102":{"start":{"line":187,"column":53},"end":{"line":187,"column":73}},"103":{"start":{"line":188,"column":2},"end":{"line":188,"column":113}},"104":{"start":{"line":188,"column":16},"end":{"line":188,"column":78}},"105":{"start":{"line":188,"column":79},"end":{"line":188,"column":106}},"106":{"start":{"line":188,"column":107},"end":{"line":188,"column":111}},"107":{"start":{"line":189,"column":16},"end":{"line":189,"column":76}},"108":{"start":{"line":191,"column":2},"end":{"line":207,"column":91}},"109":{"start":{"line":192,"column":21},"end":{"line":202,"column":5}},"110":{"start":{"line":203,"column":18},"end":{"line":205,"column":5}},"111":{"start":{"line":206,"column":4},"end":{"line":206,"column":86}},"112":{"start":{"line":207,"column":18},"end":{"line":207,"column":89}},"113":{"start":{"line":211,"column":18},"end":{"line":223,"column":1}},"114":{"start":{"line":212,"column":2},"end":{"line":222,"column":91}},"115":{"start":{"line":213,"column":21},"end":{"line":213,"column":91}},"116":{"start":{"line":214,"column":4},"end":{"line":214,"column":81}},"117":{"start":{"line":214,"column":22},"end":{"line":214,"column":81}},"118":{"start":{"line":216,"column":4},"end":{"line":216,"column":70}},"119":{"start":{"line":218,"column":4},"end":{"line":219,"column":64}},"120":{"start":{"line":221,"column":4},"end":{"line":221,"column":42}},"121":{"start":{"line":222,"column":18},"end":{"line":222,"column":89}},"122":{"start":{"line":226,"column":24},"end":{"line":243,"column":1}},"123":{"start":{"line":227,"column":21},"end":{"line":227,"column":29}},"124":{"start":{"line":228,"column":16},"end":{"line":228,"column":64}},"125":{"start":{"line":229,"column":2},"end":{"line":229,"column":111}},"126":{"start":{"line":229,"column":31},"end":{"line":229,"column":111}},"127":{"start":{"line":231,"column":2},"end":{"line":242,"column":91}},"128":{"start":{"line":232,"column":21},"end":{"line":235,"column":5}},"129":{"start":{"line":236,"column":4},"end":{"line":236,"column":81}},"130":{"start":{"line":236,"column":22},"end":{"line":236,"column":81}},"131":{"start":{"line":238,"column":4},"end":{"line":239,"column":81}},"132":{"start":{"line":241,"column":4},"end":{"line":241,"column":63}},"133":{"start":{"line":242,"column":18},"end":{"line":242,"column":89}},"134":{"start":{"line":248,"column":21},"end":{"line":270,"column":1}},"135":{"start":{"line":249,"column":51},"end":{"line":249,"column":60}},"136":{"start":{"line":250,"column":17},"end":{"line":250,"column":48}},"137":{"start":{"line":251,"column":21},"end":{"line":251,"column":23}},"138":{"start":{"line":251,"column":40},"end":{"line":251,"column":42}},"139":{"start":{"line":251,"column":52},"end":{"line":251,"column":53}},"140":{"start":{"line":252,"column":2},"end":{"line":252,"column":75}},"141":{"start":{"line":252,"column":16},"end":{"line":252,"column":52}},"142":{"start":{"line":252,"column":53},"end":{"line":252,"column":73}},"143":{"start":{"line":253,"column":2},"end":{"line":253,"column":87}},"144":{"start":{"line":253,"column":16},"end":{"line":253,"column":57}},"145":{"start":{"line":253,"column":58},"end":{"line":253,"column":85}},"146":{"start":{"line":254,"column":16},"end":{"line":254,"column":76}},"147":{"start":{"line":256,"column":2},"end":{"line":269,"column":91}},"148":{"start":{"line":257,"column":21},"end":{"line":266,"column":5}},"149":{"start":{"line":267,"column":18},"end":{"line":267,"column":83}},"150":{"start":{"line":268,"column":4},"end":{"line":268,"column":87}},"151":{"start":{"line":269,"column":18},"end":{"line":269,"column":89}},"152":{"start":{"line":273,"column":19},"end":{"line":285,"column":1}},"153":{"start":{"line":274,"column":2},"end":{"line":284,"column":91}},"154":{"start":{"line":275,"column":21},"end":{"line":275,"column":93}},"155":{"start":{"line":276,"column":4},"end":{"line":276,"column":82}},"156":{"start":{"line":276,"column":22},"end":{"line":276,"column":82}},"157":{"start":{"line":278,"column":4},"end":{"line":278,"column":71}},"158":{"start":{"line":280,"column":4},"end":{"line":281,"column":68}},"159":{"start":{"line":283,"column":4},"end":{"line":283,"column":43}},"160":{"start":{"line":284,"column":18},"end":{"line":284,"column":89}},"161":{"start":{"line":288,"column":25},"end":{"line":304,"column":1}},"162":{"start":{"line":289,"column":21},"end":{"line":289,"column":29}},"163":{"start":{"line":290,"column":2},"end":{"line":291,"column":94}},"164":{"start":{"line":291,"column":4},"end":{"line":291,"column":94}},"165":{"start":{"line":292,"column":2},"end":{"line":303,"column":91}},"166":{"start":{"line":293,"column":21},"end":{"line":296,"column":5}},"167":{"start":{"line":297,"column":4},"end":{"line":297,"column":82}},"168":{"start":{"line":297,"column":22},"end":{"line":297,"column":82}},"169":{"start":{"line":299,"column":4},"end":{"line":300,"column":83}},"170":{"start":{"line":302,"column":4},"end":{"line":302,"column":65}},"171":{"start":{"line":303,"column":18},"end":{"line":303,"column":89}},"172":{"start":{"line":309,"column":25},"end":{"line":333,"column":1}},"173":{"start":{"line":310,"column":43},"end":{"line":310,"column":52}},"174":{"start":{"line":311,"column":17},"end":{"line":311,"column":48}},"175":{"start":{"line":312,"column":21},"end":{"line":312,"column":23}},"176":{"start":{"line":312,"column":40},"end":{"line":312,"column":42}},"177":{"start":{"line":312,"column":52},"end":{"line":312,"column":53}},"178":{"start":{"line":313,"column":2},"end":{"line":313,"column":76}},"179":{"start":{"line":313,"column":16},"end":{"line":313,"column":53}},"180":{"start":{"line":313,"column":54},"end":{"line":313,"column":74}},"181":{"start":{"line":314,"column":16},"end":{"line":314,"column":76}},"182":{"start":{"line":316,"column":2},"end":{"line":332,"column":91}},"183":{"start":{"line":317,"column":21},"end":{"line":329,"column":5}},"184":{"start":{"line":330,"column":18},"end":{"line":330,"column":96}},"185":{"start":{"line":331,"column":4},"end":{"line":331,"column":63}},"186":{"start":{"line":332,"column":18},"end":{"line":332,"column":89}},"187":{"start":{"line":336,"column":22},"end":{"line":374,"column":1}},"188":{"start":{"line":337,"column":21},"end":{"line":337,"column":29}},"189":{"start":{"line":338,"column":17},"end":{"line":338,"column":37}},"190":{"start":{"line":339,"column":2},"end":{"line":373,"column":33}},"191":{"start":{"line":340,"column":4},"end":{"line":340,"column":32}},"192":{"start":{"line":342,"column":21},"end":{"line":346,"column":5}},"193":{"start":{"line":347,"column":4},"end":{"line":347,"column":94}},"194":{"start":{"line":347,"column":22},"end":{"line":347,"column":94}},"195":{"start":{"line":348,"column":21},"end":{"line":348,"column":28}},"196":{"start":{"line":350,"column":4},"end":{"line":353,"column":6}},"197":{"start":{"line":356,"column":19},"end":{"line":359,"column":5}},"198":{"start":{"line":360,"column":4},"end":{"line":362,"column":5}},"199":{"start":{"line":361,"column":6},"end":{"line":361,"column":115}},"200":{"start":{"line":364,"column":4},"end":{"line":364,"column":33}},"201":{"start":{"line":366,"column":4},"end":{"line":367,"column":81}},"202":{"start":{"line":369,"column":4},"end":{"line":369,"column":60}},"203":{"start":{"line":371,"column":4},"end":{"line":371,"column":35}},"204":{"start":{"line":372,"column":4},"end":{"line":372,"column":75}},"205":{"start":{"line":373,"column":14},"end":{"line":373,"column":31}},"206":{"start":{"line":379,"column":25},"end":{"line":403,"column":1}},"207":{"start":{"line":380,"column":50},"end":{"line":380,"column":59}},"208":{"start":{"line":381,"column":17},"end":{"line":381,"column":48}},"209":{"start":{"line":382,"column":21},"end":{"line":382,"column":23}},"210":{"start":{"line":382,"column":40},"end":{"line":382,"column":42}},"211":{"start":{"line":382,"column":52},"end":{"line":382,"column":53}},"212":{"start":{"line":383,"column":2},"end":{"line":383,"column":97}},"213":{"start":{"line":383,"column":23},"end":{"line":383,"column":67}},"214":{"start":{"line":383,"column":68},"end":{"line":383,"column":95}},"215":{"start":{"line":384,"column":16},"end":{"line":384,"column":76}},"216":{"start":{"line":386,"column":2},"end":{"line":402,"column":91}},"217":{"start":{"line":387,"column":21},"end":{"line":399,"column":5}},"218":{"start":{"line":400,"column":18},"end":{"line":400,"column":97}},"219":{"start":{"line":401,"column":4},"end":{"line":401,"column":63}},"220":{"start":{"line":402,"column":18},"end":{"line":402,"column":89}},"221":{"start":{"line":406,"column":26},"end":{"line":426,"column":1}},"222":{"start":{"line":407,"column":41},"end":{"line":407,"column":50}},"223":{"start":{"line":408,"column":17},"end":{"line":408,"column":48}},"224":{"start":{"line":409,"column":21},"end":{"line":409,"column":23}},"225":{"start":{"line":409,"column":40},"end":{"line":409,"column":42}},"226":{"start":{"line":409,"column":52},"end":{"line":409,"column":53}},"227":{"start":{"line":410,"column":2},"end":{"line":410,"column":70}},"228":{"start":{"line":410,"column":14},"end":{"line":410,"column":49}},"229":{"start":{"line":410,"column":50},"end":{"line":410,"column":68}},"230":{"start":{"line":411,"column":16},"end":{"line":411,"column":76}},"231":{"start":{"line":413,"column":2},"end":{"line":425,"column":91}},"232":{"start":{"line":414,"column":21},"end":{"line":422,"column":5}},"233":{"start":{"line":423,"column":18},"end":{"line":423,"column":94}},"234":{"start":{"line":424,"column":4},"end":{"line":424,"column":58}},"235":{"start":{"line":425,"column":18},"end":{"line":425,"column":89}},"236":{"start":{"line":431,"column":20},"end":{"line":452,"column":1}},"237":{"start":{"line":432,"column":66},"end":{"line":432,"column":75}},"238":{"start":{"line":433,"column":17},"end":{"line":433,"column":48}},"239":{"start":{"line":434,"column":21},"end":{"line":434,"column":23}},"240":{"start":{"line":434,"column":40},"end":{"line":434,"column":42}},"241":{"start":{"line":434,"column":52},"end":{"line":434,"column":53}},"242":{"start":{"line":435,"column":2},"end":{"line":435,"column":88}},"243":{"start":{"line":435,"column":21},"end":{"line":435,"column":60}},"244":{"start":{"line":435,"column":64},"end":{"line":435,"column":86}},"245":{"start":{"line":436,"column":2},"end":{"line":436,"column":94}},"246":{"start":{"line":436,"column":21},"end":{"line":436,"column":64}},"247":{"start":{"line":436,"column":65},"end":{"line":436,"column":92}},"248":{"start":{"line":437,"column":2},"end":{"line":437,"column":91}},"249":{"start":{"line":437,"column":21},"end":{"line":437,"column":63}},"250":{"start":{"line":437,"column":64},"end":{"line":437,"column":89}},"251":{"start":{"line":438,"column":16},"end":{"line":438,"column":76}},"252":{"start":{"line":440,"column":2},"end":{"line":451,"column":91}},"253":{"start":{"line":441,"column":21},"end":{"line":448,"column":5}},"254":{"start":{"line":449,"column":18},"end":{"line":449,"column":94}},"255":{"start":{"line":450,"column":4},"end":{"line":450,"column":86}},"256":{"start":{"line":451,"column":18},"end":{"line":451,"column":89}},"257":{"start":{"line":457,"column":20},"end":{"line":478,"column":1}},"258":{"start":{"line":458,"column":55},"end":{"line":458,"column":64}},"259":{"start":{"line":459,"column":17},"end":{"line":459,"column":48}},"260":{"start":{"line":460,"column":2},"end":{"line":477,"column":91}},"261":{"start":{"line":461,"column":21},"end":{"line":474,"column":5}},"262":{"start":{"line":475,"column":18},"end":{"line":475,"column":92}},"263":{"start":{"line":476,"column":4},"end":{"line":476,"column":61}},"264":{"start":{"line":477,"column":18},"end":{"line":477,"column":89}},"265":{"start":{"line":481,"column":22},"end":{"line":519,"column":1}},"266":{"start":{"line":482,"column":29},"end":{"line":482,"column":37}},"267":{"start":{"line":483,"column":2},"end":{"line":484,"column":86}},"268":{"start":{"line":484,"column":4},"end":{"line":484,"column":86}},"269":{"start":{"line":486,"column":17},"end":{"line":486,"column":37}},"270":{"start":{"line":487,"column":2},"end":{"line":518,"column":33}},"271":{"start":{"line":488,"column":4},"end":{"line":488,"column":32}},"272":{"start":{"line":490,"column":21},"end":{"line":490,"column":93}},"273":{"start":{"line":491,"column":4},"end":{"line":491,"column":84}},"274":{"start":{"line":491,"column":22},"end":{"line":491,"column":84}},"275":{"start":{"line":492,"column":19},"end":{"line":492,"column":26}},"276":{"start":{"line":494,"column":4},"end":{"line":497,"column":6}},"277":{"start":{"line":499,"column":4},"end":{"line":499,"column":139}},"278":{"start":{"line":499,"column":52},"end":{"line":499,"column":139}},"279":{"start":{"line":500,"column":4},"end":{"line":500,"column":140}},"280":{"start":{"line":500,"column":52},"end":{"line":500,"column":140}},"281":{"start":{"line":501,"column":4},"end":{"line":507,"column":5}},"282":{"start":{"line":502,"column":6},"end":{"line":506,"column":8}},"283":{"start":{"line":509,"column":4},"end":{"line":509,"column":33}},"284":{"start":{"line":511,"column":4},"end":{"line":512,"column":74}},"285":{"start":{"line":514,"column":4},"end":{"line":514,"column":46}},"286":{"start":{"line":516,"column":4},"end":{"line":516,"column":35}},"287":{"start":{"line":517,"column":4},"end":{"line":517,"column":75}},"288":{"start":{"line":518,"column":14},"end":{"line":518,"column":31}},"289":{"start":{"line":521,"column":0},"end":{"line":530,"column":2}}},"fnMap":{"0":{"name":"(anonymous_0)","decl":{"start":{"line":4,"column":14},"end":{"line":4,"column":15}},"loc":{"start":{"line":4,"column":23},"end":{"line":4,"column":105}},"line":4},"1":{"name":"(anonymous_1)","decl":{"start":{"line":9,"column":26},"end":{"line":9,"column":27}},"loc":{"start":{"line":9,"column":46},"end":{"line":60,"column":1}},"line":9},"2":{"name":"(anonymous_2)","decl":{"start":{"line":40,"column":22},"end":{"line":40,"column":23}},"loc":{"start":{"line":40,"column":32},"end":{"line":40,"column":75}},"line":40},"3":{"name":"(anonymous_3)","decl":{"start":{"line":41,"column":27},"end":{"line":41,"column":28}},"loc":{"start":{"line":41,"column":32},"end":{"line":41,"column":75}},"line":41},"4":{"name":"(anonymous_4)","decl":{"start":{"line":42,"column":26},"end":{"line":42,"column":27}},"loc":{"start":{"line":42,"column":32},"end":{"line":42,"column":103}},"line":42},"5":{"name":"(anonymous_5)","decl":{"start":{"line":43,"column":25},"end":{"line":43,"column":26}},"loc":{"start":{"line":43,"column":32},"end":{"line":43,"column":75}},"line":43},"6":{"name":"(anonymous_6)","decl":{"start":{"line":65,"column":18},"end":{"line":65,"column":19}},"loc":{"start":{"line":65,"column":38},"end":{"line":85,"column":1}},"line":65},"7":{"name":"(anonymous_7)","decl":{"start":{"line":88,"column":16},"end":{"line":88,"column":17}},"loc":{"start":{"line":88,"column":36},"end":{"line":102,"column":1}},"line":88},"8":{"name":"(anonymous_8)","decl":{"start":{"line":105,"column":23},"end":{"line":105,"column":24}},"loc":{"start":{"line":105,"column":43},"end":{"line":125,"column":1}},"line":105},"9":{"name":"(anonymous_9)","decl":{"start":{"line":128,"column":20},"end":{"line":128,"column":21}},"loc":{"start":{"line":128,"column":40},"end":{"line":145,"column":1}},"line":128},"10":{"name":"(anonymous_10)","decl":{"start":{"line":148,"column":22},"end":{"line":148,"column":23}},"loc":{"start":{"line":148,"column":42},"end":{"line":162,"column":1}},"line":148},"11":{"name":"(anonymous_11)","decl":{"start":{"line":165,"column":19},"end":{"line":165,"column":20}},"loc":{"start":{"line":165,"column":39},"end":{"line":178,"column":1}},"line":165},"12":{"name":"(anonymous_12)","decl":{"start":{"line":183,"column":20},"end":{"line":183,"column":21}},"loc":{"start":{"line":183,"column":40},"end":{"line":208,"column":1}},"line":183},"13":{"name":"(anonymous_13)","decl":{"start":{"line":211,"column":18},"end":{"line":211,"column":19}},"loc":{"start":{"line":211,"column":38},"end":{"line":223,"column":1}},"line":211},"14":{"name":"(anonymous_14)","decl":{"start":{"line":226,"column":24},"end":{"line":226,"column":25}},"loc":{"start":{"line":226,"column":44},"end":{"line":243,"column":1}},"line":226},"15":{"name":"(anonymous_15)","decl":{"start":{"line":248,"column":21},"end":{"line":248,"column":22}},"loc":{"start":{"line":248,"column":41},"end":{"line":270,"column":1}},"line":248},"16":{"name":"(anonymous_16)","decl":{"start":{"line":273,"column":19},"end":{"line":273,"column":20}},"loc":{"start":{"line":273,"column":39},"end":{"line":285,"column":1}},"line":273},"17":{"name":"(anonymous_17)","decl":{"start":{"line":288,"column":25},"end":{"line":288,"column":26}},"loc":{"start":{"line":288,"column":45},"end":{"line":304,"column":1}},"line":288},"18":{"name":"(anonymous_18)","decl":{"start":{"line":309,"column":25},"end":{"line":309,"column":26}},"loc":{"start":{"line":309,"column":45},"end":{"line":333,"column":1}},"line":309},"19":{"name":"(anonymous_19)","decl":{"start":{"line":336,"column":22},"end":{"line":336,"column":23}},"loc":{"start":{"line":336,"column":42},"end":{"line":374,"column":1}},"line":336},"20":{"name":"(anonymous_20)","decl":{"start":{"line":379,"column":25},"end":{"line":379,"column":26}},"loc":{"start":{"line":379,"column":45},"end":{"line":403,"column":1}},"line":379},"21":{"name":"(anonymous_21)","decl":{"start":{"line":406,"column":26},"end":{"line":406,"column":27}},"loc":{"start":{"line":406,"column":46},"end":{"line":426,"column":1}},"line":406},"22":{"name":"(anonymous_22)","decl":{"start":{"line":431,"column":20},"end":{"line":431,"column":21}},"loc":{"start":{"line":431,"column":40},"end":{"line":452,"column":1}},"line":431},"23":{"name":"(anonymous_23)","decl":{"start":{"line":457,"column":20},"end":{"line":457,"column":21}},"loc":{"start":{"line":457,"column":40},"end":{"line":478,"column":1}},"line":457},"24":{"name":"(anonymous_24)","decl":{"start":{"line":481,"column":22},"end":{"line":481,"column":23}},"loc":{"start":{"line":481,"column":42},"end":{"line":519,"column":1}},"line":481}},"branchMap":{"0":{"loc":{"start":{"line":4,"column":23},"end":{"line":4,"column":105}},"type":"binary-expr","locations":[{"start":{"line":4,"column":23},"end":{"line":4,"column":68}},{"start":{"line":4,"column":72},"end":{"line":4,"column":97}},{"start":{"line":4,"column":101},"end":{"line":4,"column":105}}],"line":4},"1":{"loc":{"start":{"line":66,"column":10},"end":{"line":66,"column":18}},"type":"default-arg","locations":[{"start":{"line":66,"column":17},"end":{"line":66,"column":18}}],"line":66},"2":{"loc":{"start":{"line":66,"column":20},"end":{"line":66,"column":30}},"type":"default-arg","locations":[{"start":{"line":66,"column":28},"end":{"line":66,"column":30}}],"line":66},"3":{"loc":{"start":{"line":70,"column":2},"end":{"line":70,"column":113}},"type":"if","locations":[{"start":{"line":70,"column":2},"end":{"line":70,"column":113}},{"start":{},"end":{}}],"line":70},"4":{"loc":{"start":{"line":71,"column":2},"end":{"line":71,"column":80}},"type":"if","locations":[{"start":{"line":71,"column":2},"end":{"line":71,"column":80}},{"start":{},"end":{}}],"line":71},"5":{"loc":{"start":{"line":72,"column":2},"end":{"line":72,"column":70}},"type":"if","locations":[{"start":{"line":72,"column":2},"end":{"line":72,"column":70}},{"start":{},"end":{}}],"line":72},"6":{"loc":{"start":{"line":73,"column":2},"end":{"line":73,"column":71}},"type":"if","locations":[{"start":{"line":73,"column":2},"end":{"line":73,"column":71}},{"start":{},"end":{}}],"line":73},"7":{"loc":{"start":{"line":75,"column":16},"end":{"line":75,"column":76}},"type":"cond-expr","locations":[{"start":{"line":75,"column":36},"end":{"line":75,"column":71}},{"start":{"line":75,"column":74},"end":{"line":75,"column":76}}],"line":75},"8":{"loc":{"start":{"line":99,"column":4},"end":{"line":99,"column":82}},"type":"if","locations":[{"start":{"line":99,"column":4},"end":{"line":99,"column":82}},{"start":{},"end":{}}],"line":99},"9":{"loc":{"start":{"line":107,"column":2},"end":{"line":107,"column":113}},"type":"if","locations":[{"start":{"line":107,"column":2},"end":{"line":107,"column":113}},{"start":{},"end":{}}],"line":107},"10":{"loc":{"start":{"line":110,"column":2},"end":{"line":111,"column":76}},"type":"if","locations":[{"start":{"line":110,"column":2},"end":{"line":111,"column":76}},{"start":{},"end":{}}],"line":110},"11":{"loc":{"start":{"line":110,"column":6},"end":{"line":110,"column":56}},"type":"binary-expr","locations":[{"start":{"line":110,"column":6},"end":{"line":110,"column":36}},{"start":{"line":110,"column":40},"end":{"line":110,"column":56}}],"line":110},"12":{"loc":{"start":{"line":118,"column":4},"end":{"line":118,"column":82}},"type":"if","locations":[{"start":{"line":118,"column":4},"end":{"line":118,"column":82}},{"start":{},"end":{}}],"line":118},"13":{"loc":{"start":{"line":130,"column":2},"end":{"line":130,"column":111}},"type":"if","locations":[{"start":{"line":130,"column":2},"end":{"line":130,"column":111}},{"start":{},"end":{}}],"line":130},"14":{"loc":{"start":{"line":136,"column":7},"end":{"line":136,"column":21}},"type":"binary-expr","locations":[{"start":{"line":136,"column":7},"end":{"line":136,"column":13}},{"start":{"line":136,"column":17},"end":{"line":136,"column":21}}],"line":136},"15":{"loc":{"start":{"line":138,"column":4},"end":{"line":138,"column":82}},"type":"if","locations":[{"start":{"line":138,"column":4},"end":{"line":138,"column":82}},{"start":{},"end":{}}],"line":138},"16":{"loc":{"start":{"line":141,"column":53},"end":{"line":141,"column":69}},"type":"binary-expr","locations":[{"start":{"line":141,"column":53},"end":{"line":141,"column":59}},{"start":{"line":141,"column":63},"end":{"line":141,"column":69}}],"line":141},"17":{"loc":{"start":{"line":155,"column":4},"end":{"line":155,"column":82}},"type":"if","locations":[{"start":{"line":155,"column":4},"end":{"line":155,"column":82}},{"start":{},"end":{}}],"line":155},"18":{"loc":{"start":{"line":166,"column":2},"end":{"line":166,"column":110}},"type":"if","locations":[{"start":{"line":166,"column":2},"end":{"line":166,"column":110}},{"start":{},"end":{}}],"line":166},"19":{"loc":{"start":{"line":169,"column":4},"end":{"line":169,"column":82}},"type":"if","locations":[{"start":{"line":169,"column":4},"end":{"line":169,"column":82}},{"start":{},"end":{}}],"line":169},"20":{"loc":{"start":{"line":184,"column":10},"end":{"line":184,"column":18}},"type":"default-arg","locations":[{"start":{"line":184,"column":17},"end":{"line":184,"column":18}}],"line":184},"21":{"loc":{"start":{"line":184,"column":20},"end":{"line":184,"column":30}},"type":"default-arg","locations":[{"start":{"line":184,"column":28},"end":{"line":184,"column":30}}],"line":184},"22":{"loc":{"start":{"line":187,"column":2},"end":{"line":187,"column":75}},"type":"if","locations":[{"start":{"line":187,"column":2},"end":{"line":187,"column":75}},{"start":{},"end":{}}],"line":187},"23":{"loc":{"start":{"line":188,"column":2},"end":{"line":188,"column":113}},"type":"if","locations":[{"start":{"line":188,"column":2},"end":{"line":188,"column":113}},{"start":{},"end":{}}],"line":188},"24":{"loc":{"start":{"line":189,"column":16},"end":{"line":189,"column":76}},"type":"cond-expr","locations":[{"start":{"line":189,"column":36},"end":{"line":189,"column":71}},{"start":{"line":189,"column":74},"end":{"line":189,"column":76}}],"line":189},"25":{"loc":{"start":{"line":214,"column":4},"end":{"line":214,"column":81}},"type":"if","locations":[{"start":{"line":214,"column":4},"end":{"line":214,"column":81}},{"start":{},"end":{}}],"line":214},"26":{"loc":{"start":{"line":229,"column":2},"end":{"line":229,"column":111}},"type":"if","locations":[{"start":{"line":229,"column":2},"end":{"line":229,"column":111}},{"start":{},"end":{}}],"line":229},"27":{"loc":{"start":{"line":236,"column":4},"end":{"line":236,"column":81}},"type":"if","locations":[{"start":{"line":236,"column":4},"end":{"line":236,"column":81}},{"start":{},"end":{}}],"line":236},"28":{"loc":{"start":{"line":249,"column":10},"end":{"line":249,"column":18}},"type":"default-arg","locations":[{"start":{"line":249,"column":17},"end":{"line":249,"column":18}}],"line":249},"29":{"loc":{"start":{"line":249,"column":20},"end":{"line":249,"column":30}},"type":"default-arg","locations":[{"start":{"line":249,"column":28},"end":{"line":249,"column":30}}],"line":249},"30":{"loc":{"start":{"line":252,"column":2},"end":{"line":252,"column":75}},"type":"if","locations":[{"start":{"line":252,"column":2},"end":{"line":252,"column":75}},{"start":{},"end":{}}],"line":252},"31":{"loc":{"start":{"line":253,"column":2},"end":{"line":253,"column":87}},"type":"if","locations":[{"start":{"line":253,"column":2},"end":{"line":253,"column":87}},{"start":{},"end":{}}],"line":253},"32":{"loc":{"start":{"line":254,"column":16},"end":{"line":254,"column":76}},"type":"cond-expr","locations":[{"start":{"line":254,"column":36},"end":{"line":254,"column":71}},{"start":{"line":254,"column":74},"end":{"line":254,"column":76}}],"line":254},"33":{"loc":{"start":{"line":276,"column":4},"end":{"line":276,"column":82}},"type":"if","locations":[{"start":{"line":276,"column":4},"end":{"line":276,"column":82}},{"start":{},"end":{}}],"line":276},"34":{"loc":{"start":{"line":290,"column":2},"end":{"line":291,"column":94}},"type":"if","locations":[{"start":{"line":290,"column":2},"end":{"line":291,"column":94}},{"start":{},"end":{}}],"line":290},"35":{"loc":{"start":{"line":294,"column":36},"end":{"line":294,"column":82}},"type":"cond-expr","locations":[{"start":{"line":294,"column":57},"end":{"line":294,"column":79}},{"start":{"line":294,"column":80},"end":{"line":294,"column":82}}],"line":294},"36":{"loc":{"start":{"line":297,"column":4},"end":{"line":297,"column":82}},"type":"if","locations":[{"start":{"line":297,"column":4},"end":{"line":297,"column":82}},{"start":{},"end":{}}],"line":297},"37":{"loc":{"start":{"line":310,"column":10},"end":{"line":310,"column":18}},"type":"default-arg","locations":[{"start":{"line":310,"column":17},"end":{"line":310,"column":18}}],"line":310},"38":{"loc":{"start":{"line":310,"column":20},"end":{"line":310,"column":30}},"type":"default-arg","locations":[{"start":{"line":310,"column":28},"end":{"line":310,"column":30}}],"line":310},"39":{"loc":{"start":{"line":313,"column":2},"end":{"line":313,"column":76}},"type":"if","locations":[{"start":{"line":313,"column":2},"end":{"line":313,"column":76}},{"start":{},"end":{}}],"line":313},"40":{"loc":{"start":{"line":314,"column":16},"end":{"line":314,"column":76}},"type":"cond-expr","locations":[{"start":{"line":314,"column":36},"end":{"line":314,"column":71}},{"start":{"line":314,"column":74},"end":{"line":314,"column":76}}],"line":314},"41":{"loc":{"start":{"line":347,"column":4},"end":{"line":347,"column":94}},"type":"if","locations":[{"start":{"line":347,"column":4},"end":{"line":347,"column":94}},{"start":{},"end":{}}],"line":347},"42":{"loc":{"start":{"line":360,"column":4},"end":{"line":362,"column":5}},"type":"if","locations":[{"start":{"line":360,"column":4},"end":{"line":362,"column":5}},{"start":{},"end":{}}],"line":360},"43":{"loc":{"start":{"line":367,"column":14},"end":{"line":367,"column":61}},"type":"binary-expr","locations":[{"start":{"line":367,"column":14},"end":{"line":367,"column":20}},{"start":{"line":367,"column":24},"end":{"line":367,"column":61}}],"line":367},"44":{"loc":{"start":{"line":380,"column":10},"end":{"line":380,"column":18}},"type":"default-arg","locations":[{"start":{"line":380,"column":17},"end":{"line":380,"column":18}}],"line":380},"45":{"loc":{"start":{"line":380,"column":20},"end":{"line":380,"column":30}},"type":"default-arg","locations":[{"start":{"line":380,"column":28},"end":{"line":380,"column":30}}],"line":380},"46":{"loc":{"start":{"line":383,"column":2},"end":{"line":383,"column":97}},"type":"if","locations":[{"start":{"line":383,"column":2},"end":{"line":383,"column":97}},{"start":{},"end":{}}],"line":383},"47":{"loc":{"start":{"line":384,"column":16},"end":{"line":384,"column":76}},"type":"cond-expr","locations":[{"start":{"line":384,"column":36},"end":{"line":384,"column":71}},{"start":{"line":384,"column":74},"end":{"line":384,"column":76}}],"line":384},"48":{"loc":{"start":{"line":407,"column":10},"end":{"line":407,"column":18}},"type":"default-arg","locations":[{"start":{"line":407,"column":17},"end":{"line":407,"column":18}}],"line":407},"49":{"loc":{"start":{"line":407,"column":20},"end":{"line":407,"column":30}},"type":"default-arg","locations":[{"start":{"line":407,"column":28},"end":{"line":407,"column":30}}],"line":407},"50":{"loc":{"start":{"line":410,"column":2},"end":{"line":410,"column":70}},"type":"if","locations":[{"start":{"line":410,"column":2},"end":{"line":410,"column":70}},{"start":{},"end":{}}],"line":410},"51":{"loc":{"start":{"line":411,"column":16},"end":{"line":411,"column":76}},"type":"cond-expr","locations":[{"start":{"line":411,"column":36},"end":{"line":411,"column":71}},{"start":{"line":411,"column":74},"end":{"line":411,"column":76}}],"line":411},"52":{"loc":{"start":{"line":432,"column":10},"end":{"line":432,"column":18}},"type":"default-arg","locations":[{"start":{"line":432,"column":17},"end":{"line":432,"column":18}}],"line":432},"53":{"loc":{"start":{"line":432,"column":20},"end":{"line":432,"column":30}},"type":"default-arg","locations":[{"start":{"line":432,"column":28},"end":{"line":432,"column":30}}],"line":432},"54":{"loc":{"start":{"line":435,"column":2},"end":{"line":435,"column":88}},"type":"if","locations":[{"start":{"line":435,"column":2},"end":{"line":435,"column":88}},{"start":{},"end":{}}],"line":435},"55":{"loc":{"start":{"line":436,"column":2},"end":{"line":436,"column":94}},"type":"if","locations":[{"start":{"line":436,"column":2},"end":{"line":436,"column":94}},{"start":{},"end":{}}],"line":436},"56":{"loc":{"start":{"line":437,"column":2},"end":{"line":437,"column":91}},"type":"if","locations":[{"start":{"line":437,"column":2},"end":{"line":437,"column":91}},{"start":{},"end":{}}],"line":437},"57":{"loc":{"start":{"line":438,"column":16},"end":{"line":438,"column":76}},"type":"cond-expr","locations":[{"start":{"line":438,"column":36},"end":{"line":438,"column":71}},{"start":{"line":438,"column":74},"end":{"line":438,"column":76}}],"line":438},"58":{"loc":{"start":{"line":458,"column":10},"end":{"line":458,"column":28}},"type":"default-arg","locations":[{"start":{"line":458,"column":19},"end":{"line":458,"column":28}}],"line":458},"59":{"loc":{"start":{"line":458,"column":30},"end":{"line":458,"column":38}},"type":"default-arg","locations":[{"start":{"line":458,"column":37},"end":{"line":458,"column":38}}],"line":458},"60":{"loc":{"start":{"line":458,"column":40},"end":{"line":458,"column":50}},"type":"default-arg","locations":[{"start":{"line":458,"column":48},"end":{"line":458,"column":50}}],"line":458},"61":{"loc":{"start":{"line":483,"column":2},"end":{"line":484,"column":86}},"type":"if","locations":[{"start":{"line":483,"column":2},"end":{"line":484,"column":86}},{"start":{},"end":{}}],"line":483},"62":{"loc":{"start":{"line":491,"column":4},"end":{"line":491,"column":84}},"type":"if","locations":[{"start":{"line":491,"column":4},"end":{"line":491,"column":84}},{"start":{},"end":{}}],"line":491},"63":{"loc":{"start":{"line":499,"column":4},"end":{"line":499,"column":139}},"type":"if","locations":[{"start":{"line":499,"column":4},"end":{"line":499,"column":139}},{"start":{},"end":{}}],"line":499},"64":{"loc":{"start":{"line":499,"column":8},"end":{"line":499,"column":49}},"type":"binary-expr","locations":[{"start":{"line":499,"column":8},"end":{"line":499,"column":31}},{"start":{"line":499,"column":36},"end":{"line":499,"column":49}}],"line":499},"65":{"loc":{"start":{"line":500,"column":4},"end":{"line":500,"column":140}},"type":"if","locations":[{"start":{"line":500,"column":4},"end":{"line":500,"column":140}},{"start":{},"end":{}}],"line":500},"66":{"loc":{"start":{"line":500,"column":8},"end":{"line":500,"column":50}},"type":"binary-expr","locations":[{"start":{"line":500,"column":8},"end":{"line":500,"column":32}},{"start":{"line":500,"column":36},"end":{"line":500,"column":50}}],"line":500},"67":{"loc":{"start":{"line":501,"column":4},"end":{"line":507,"column":5}},"type":"if","locations":[{"start":{"line":501,"column":4},"end":{"line":507,"column":5}},{"start":{},"end":{}}],"line":501},"68":{"loc":{"start":{"line":512,"column":36},"end":{"line":512,"column":52}},"type":"binary-expr","locations":[{"start":{"line":512,"column":36},"end":{"line":512,"column":42}},{"start":{"line":512,"column":46},"end":{"line":512,"column":52}}],"line":512}},"s":{"0":1,"1":1,"2":1,"3":0,"4":1,"5":0,"6":0,"7":0,"8":0,"9":0,"10":0,"11":0,"12":0,"13":0,"14":0,"15":0,"16":0,"17":0,"18":0,"19":0,"20":0,"21":1,"22":0,"23":0,"24":0,"25":0,"26":0,"27":0,"28":0,"29":0,"30":0,"31":0,"32":0,"33":0,"34":0,"35":0,"36":0,"37":0,"38":0,"39":0,"40":0,"41":0,"42":0,"43":0,"44":1,"45":0,"46":0,"47":0,"48":0,"49":0,"50":0,"51":1,"52":0,"53":0,"54":0,"55":0,"56":0,"57":0,"58":0,"59":0,"60":0,"61":0,"62":0,"63":0,"64":1,"65":0,"66":0,"67":0,"68":0,"69":0,"70":0,"71":0,"72":0,"73":0,"74":0,"75":1,"76":0,"77":0,"78":0,"79":0,"80":0,"81":0,"82":0,"83":1,"84":0,"85":0,"86":0,"87":0,"88":0,"89":0,"90":0,"91":0,"92":0,"93":0,"94":1,"95":0,"96":0,"97":0,"98":0,"99":0,"100":0,"101":0,"102":0,"103":0,"104":0,"105":0,"106":0,"107":0,"108":0,"109":0,"110":0,"111":0,"112":0,"113":1,"114":0,"115":0,"116":0,"117":0,"118":0,"119":0,"120":0,"121":0,"122":1,"123":0,"124":0,"125":0,"126":0,"127":0,"128":0,"129":0,"130":0,"131":0,"132":0,"133":0,"134":1,"135":0,"136":0,"137":0,"138":0,"139":0,"140":0,"141":0,"142":0,"143":0,"144":0,"145":0,"146":0,"147":0,"148":0,"149":0,"150":0,"151":0,"152":1,"153":0,"154":0,"155":0,"156":0,"157":0,"158":0,"159":0,"160":0,"161":1,"162":0,"163":0,"164":0,"165":0,"166":0,"167":0,"168":0,"169":0,"170":0,"171":0,"172":1,"173":0,"174":0,"175":0,"176":0,"177":0,"178":0,"179":0,"180":0,"181":0,"182":0,"183":0,"184":0,"185":0,"186":0,"187":1,"188":0,"189":0,"190":0,"191":0,"192":0,"193":0,"194":0,"195":0,"196":0,"197":0,"198":0,"199":0,"200":0,"201":0,"202":0,"203":0,"204":0,"205":0,"206":1,"207":0,"208":0,"209":0,"210":0,"211":0,"212":0,"213":0,"214":0,"215":0,"216":0,"217":0,"218":0,"219":0,"220":0,"221":1,"222":0,"223":0,"224":0,"225":0,"226":0,"227":0,"228":0,"229":0,"230":0,"231":0,"232":0,"233":0,"234":0,"235":0,"236":1,"237":0,"238":0,"239":0,"240":0,"241":0,"242":0,"243":0,"244":0,"245":0,"246":0,"247":0,"248":0,"249":0,"250":0,"251":0,"252":0,"253":0,"254":0,"255":0,"256":0,"257":1,"258":0,"259":0,"260":0,"261":0,"262":0,"263":0,"264":0,"265":1,"266":0,"267":0,"268":0,"269":0,"270":0,"271":0,"272":0,"273":0,"274":0,"275":0,"276":0,"277":0,"278":0,"279":0,"280":0,"281":0,"282":0,"283":0,"284":0,"285":0,"286":0,"287":0,"288":0,"289":1},"f":{"0":0,"1":0,"2":0,"3":0,"4":0,"5":0,"6":0,"7":0,"8":0,"9":0,"10":0,"11":0,"12":0,"13":0,"14":0,"15":0,"16":0,"17":0,"18":0,"19":0,"20":0,"21":0,"22":0,"23":0,"24":0},"b":{"0":[0,0,0],"1":[0],"2":[0],"3":[0,0],"4":[0,0],"5":[0,0],"6":[0,0],"7":[0,0],"8":[0,0],"9":[0,0],"10":[0,0],"11":[0,0],"12":[0,0],"13":[0,0],"14":[0,0],"15":[0,0],"16":[0,0],"17":[0,0],"18":[0,0],"19":[0,0],"20":[0],"21":[0],"22":[0,0],"23":[0,0],"24":[0,0],"25":[0,0],"26":[0,0],"27":[0,0],"28":[0],"29":[0],"30":[0,0],"31":[0,0],"32":[0,0],"33":[0,0],"34":[0,0],"35":[0,0],"36":[0,0],"37":[0],"38":[0],"39":[0,0],"40":[0,0],"41":[0,0],"42":[0,0],"43":[0,0],"44":[0],"45":[0],"46":[0,0],"47":[0,0],"48":[0],"49":[0],"50":[0,0],"51":[0,0],"52":[0],"53":[0],"54":[0,0],"55":[0,0],"56":[0,0],"57":[0,0],"58":[0],"59":[0],"60":[0],"61":[0,0],"62":[0,0],"63":[0,0],"64":[0,0],"65":[0,0],"66":[0,0],"67":[0,0],"68":[0,0]},"_coverageSchema":"1a1c01bbd47fc00a2c39e90264f33305004495a9","hash":"432a5e667f4a78428eefd0d980c16323a333be46"}
,"/workspace/src/controllers/adoptionController.js": {"path":"/workspace/src/controllers/adoptionController.js","statementMap":{"0":{"start":{"line":1,"column":13},"end":{"line":1,"column":34}},"1":{"start":{"line":2,"column":15},"end":{"line":2,"column":44}},"2":{"start":{"line":5,"column":35},"end":{"line":27,"column":1}},"3":{"start":{"line":5,"column":78},"end":{"line":27,"column":1}},"4":{"start":{"line":30,"column":24},"end":{"line":74,"column":1}},"5":{"start":{"line":31,"column":16},"end":{"line":31,"column":29}},"6":{"start":{"line":32,"column":22},"end":{"line":32,"column":30}},"7":{"start":{"line":34,"column":2},"end":{"line":73,"column":3}},"8":{"start":{"line":35,"column":27},"end":{"line":37,"column":5}},"9":{"start":{"line":38,"column":4},"end":{"line":38,"column":81}},"10":{"start":{"line":38,"column":22},"end":{"line":38,"column":81}},"11":{"start":{"line":39,"column":16},"end":{"line":39,"column":23}},"12":{"start":{"line":40,"column":4},"end":{"line":40,"column":115}},"13":{"start":{"line":40,"column":36},"end":{"line":40,"column":115}},"14":{"start":{"line":41,"column":4},"end":{"line":41,"column":113}},"15":{"start":{"line":41,"column":38},"end":{"line":41,"column":113}},"16":{"start":{"line":43,"column":21},"end":{"line":47,"column":5}},"17":{"start":{"line":49,"column":4},"end":{"line":54,"column":7}},"18":{"start":{"line":56,"column":4},"end":{"line":61,"column":3}},"19":{"start":{"line":62,"column":29},"end":{"line":62,"column":57}},"20":{"start":{"line":63,"column":4},"end":{"line":68,"column":61}},"21":{"start":{"line":65,"column":17},"end":{"line":65,"column":86}},"22":{"start":{"line":66,"column":4},"end":{"line":66,"column":56}},"23":{"start":{"line":68,"column":16},"end":{"line":68,"column":59}},"24":{"start":{"line":71,"column":4},"end":{"line":71,"column":123}},"25":{"start":{"line":71,"column":30},"end":{"line":71,"column":123}},"26":{"start":{"line":72,"column":4},"end":{"line":72,"column":75}},"27":{"start":{"line":77,"column":19},"end":{"line":90,"column":1}},"28":{"start":{"line":78,"column":2},"end":{"line":89,"column":91}},"29":{"start":{"line":79,"column":21},"end":{"line":87,"column":5}},"30":{"start":{"line":88,"column":4},"end":{"line":88,"column":33}},"31":{"start":{"line":89,"column":18},"end":{"line":89,"column":89}},"32":{"start":{"line":93,"column":25},"end":{"line":106,"column":1}},"33":{"start":{"line":94,"column":2},"end":{"line":105,"column":91}},"34":{"start":{"line":95,"column":21},"end":{"line":103,"column":5}},"35":{"start":{"line":104,"column":4},"end":{"line":104,"column":33}},"36":{"start":{"line":105,"column":18},"end":{"line":105,"column":89}},"37":{"start":{"line":109,"column":22},"end":{"line":195,"column":1}},"38":{"start":{"line":110,"column":21},"end":{"line":110,"column":29}},"39":{"start":{"line":111,"column":2},"end":{"line":112,"column":85}},"40":{"start":{"line":112,"column":4},"end":{"line":112,"column":85}},"41":{"start":{"line":114,"column":17},"end":{"line":114,"column":37}},"42":{"start":{"line":115,"column":2},"end":{"line":194,"column":33}},"43":{"start":{"line":116,"column":4},"end":{"line":116,"column":32}},"44":{"start":{"line":118,"column":21},"end":{"line":122,"column":5}},"45":{"start":{"line":123,"column":4},"end":{"line":123,"column":85}},"46":{"start":{"line":123,"column":22},"end":{"line":123,"column":85}},"47":{"start":{"line":124,"column":17},"end":{"line":124,"column":24}},"48":{"start":{"line":125,"column":4},"end":{"line":126,"column":66}},"49":{"start":{"line":126,"column":6},"end":{"line":126,"column":66}},"50":{"start":{"line":128,"column":4},"end":{"line":131,"column":6}},"51":{"start":{"line":134,"column":4},"end":{"line":153,"column":5}},"52":{"start":{"line":135,"column":6},"end":{"line":135,"column":88}},"53":{"start":{"line":137,"column":6},"end":{"line":141,"column":8}},"54":{"start":{"line":144,"column":18},"end":{"line":144,"column":28}},"55":{"start":{"line":145,"column":6},"end":{"line":152,"column":8}},"56":{"start":{"line":155,"column":4},"end":{"line":155,"column":33}},"57":{"start":{"line":156,"column":29},"end":{"line":156,"column":57}},"58":{"start":{"line":158,"column":2},"end":{"line":165,"column":3}},"59":{"start":{"line":168,"column":0},"end":{"line":188,"column":1}},"60":{"start":{"line":170,"column":29},"end":{"line":172,"column":3}},"61":{"start":{"line":173,"column":28},"end":{"line":175,"column":3}},"62":{"start":{"line":176,"column":20},"end":{"line":176,"column":31}},"63":{"start":{"line":177,"column":20},"end":{"line":177,"column":30}},"64":{"start":{"line":179,"column":2},"end":{"line":185,"column":3}},"65":{"start":{"line":180,"column":17},"end":{"line":180,"column":92}},"66":{"start":{"line":181,"column":4},"end":{"line":181,"column":57}},"67":{"start":{"line":183,"column":17},"end":{"line":183,"column":66}},"68":{"start":{"line":184,"column":4},"end":{"line":184,"column":57}},"69":{"start":{"line":187,"column":2},"end":{"line":187,"column":63}},"70":{"start":{"line":190,"column":4},"end":{"line":190,"column":116}},"71":{"start":{"line":192,"column":4},"end":{"line":192,"column":35}},"72":{"start":{"line":193,"column":4},"end":{"line":193,"column":75}},"73":{"start":{"line":194,"column":14},"end":{"line":194,"column":31}},"74":{"start":{"line":198,"column":22},"end":{"line":210,"column":1}},"75":{"start":{"line":199,"column":2},"end":{"line":209,"column":91}},"76":{"start":{"line":200,"column":21},"end":{"line":202,"column":5}},"77":{"start":{"line":203,"column":4},"end":{"line":203,"column":85}},"78":{"start":{"line":203,"column":22},"end":{"line":203,"column":85}},"79":{"start":{"line":204,"column":4},"end":{"line":204,"column":106}},"80":{"start":{"line":204,"column":46},"end":{"line":204,"column":106}},"81":{"start":{"line":205,"column":4},"end":{"line":205,"column":122}},"82":{"start":{"line":205,"column":38},"end":{"line":205,"column":122}},"83":{"start":{"line":207,"column":4},"end":{"line":207,"column":101}},"84":{"start":{"line":208,"column":4},"end":{"line":208,"column":48}},"85":{"start":{"line":209,"column":18},"end":{"line":209,"column":89}},"86":{"start":{"line":213,"column":22},"end":{"line":261,"column":1}},"87":{"start":{"line":214,"column":17},"end":{"line":214,"column":37}},"88":{"start":{"line":215,"column":2},"end":{"line":260,"column":3}},"89":{"start":{"line":216,"column":21},"end":{"line":224,"column":5}},"90":{"start":{"line":226,"column":4},"end":{"line":226,"column":85}},"91":{"start":{"line":226,"column":22},"end":{"line":226,"column":85}},"92":{"start":{"line":227,"column":17},"end":{"line":227,"column":24}},"93":{"start":{"line":230,"column":4},"end":{"line":232,"column":5}},"94":{"start":{"line":231,"column":6},"end":{"line":231,"column":90}},"95":{"start":{"line":234,"column":4},"end":{"line":236,"column":5}},"96":{"start":{"line":235,"column":6},"end":{"line":235,"column":75}},"97":{"start":{"line":238,"column":25},"end":{"line":243,"column":5}},"98":{"start":{"line":245,"column":4},"end":{"line":245,"column":32}},"99":{"start":{"line":246,"column":4},"end":{"line":251,"column":6}},"100":{"start":{"line":252,"column":4},"end":{"line":252,"column":33}},"101":{"start":{"line":254,"column":4},"end":{"line":254,"column":83}},"102":{"start":{"line":256,"column":4},"end":{"line":256,"column":35}},"103":{"start":{"line":257,"column":4},"end":{"line":257,"column":75}},"104":{"start":{"line":259,"column":4},"end":{"line":259,"column":21}},"105":{"start":{"line":264,"column":20},"end":{"line":311,"column":1}},"106":{"start":{"line":265,"column":2},"end":{"line":310,"column":3}},"107":{"start":{"line":266,"column":21},"end":{"line":275,"column":5}},"108":{"start":{"line":277,"column":4},"end":{"line":277,"column":85}},"109":{"start":{"line":277,"column":22},"end":{"line":277,"column":85}},"110":{"start":{"line":278,"column":17},"end":{"line":278,"column":24}},"111":{"start":{"line":280,"column":4},"end":{"line":282,"column":5}},"112":{"start":{"line":281,"column":6},"end":{"line":281,"column":74}},"113":{"start":{"line":285,"column":17},"end":{"line":288,"column":5}},"114":{"start":{"line":289,"column":24},"end":{"line":289,"column":36}},"115":{"start":{"line":292,"column":21},"end":{"line":295,"column":5}},"116":{"start":{"line":297,"column":4},"end":{"line":299,"column":5}},"117":{"start":{"line":298,"column":6},"end":{"line":298,"column":66}},"118":{"start":{"line":301,"column":4},"end":{"line":307,"column":7}},"119":{"start":{"line":309,"column":4},"end":{"line":309,"column":75}},"120":{"start":{"line":314,"column":23},"end":{"line":386,"column":1}},"121":{"start":{"line":315,"column":2},"end":{"line":385,"column":3}},"122":{"start":{"line":316,"column":21},"end":{"line":326,"column":5}},"123":{"start":{"line":328,"column":4},"end":{"line":328,"column":85}},"124":{"start":{"line":328,"column":22},"end":{"line":328,"column":85}},"125":{"start":{"line":329,"column":17},"end":{"line":329,"column":24}},"126":{"start":{"line":332,"column":4},"end":{"line":341,"column":5}},"127":{"start":{"line":334,"column":27},"end":{"line":337,"column":7}},"128":{"start":{"line":338,"column":6},"end":{"line":340,"column":7}},"129":{"start":{"line":339,"column":8},"end":{"line":339,"column":68}},"130":{"start":{"line":347,"column":23},"end":{"line":347,"column":70}},"131":{"start":{"line":348,"column":29},"end":{"line":348,"column":77}},"132":{"start":{"line":351,"column":28},"end":{"line":351,"column":32}},"133":{"start":{"line":352,"column":4},"end":{"line":358,"column":5}},"134":{"start":{"line":353,"column":36},"end":{"line":356,"column":7}},"135":{"start":{"line":357,"column":6},"end":{"line":357,"column":90}},"136":{"start":{"line":360,"column":25},"end":{"line":360,"column":76}},"137":{"start":{"line":362,"column":4},"end":{"line":382,"column":7}},"138":{"start":{"line":384,"column":4},"end":{"line":384,"column":75}},"139":{"start":{"line":388,"column":0},"end":{"line":388,"column":141}}},"fnMap":{"0":{"name":"(anonymous_0)","decl":{"start":{"line":5,"column":35},"end":{"line":5,"column":36}},"loc":{"start":{"line":5,"column":78},"end":{"line":27,"column":1}},"line":5},"1":{"name":"(anonymous_1)","decl":{"start":{"line":30,"column":24},"end":{"line":30,"column":25}},"loc":{"start":{"line":30,"column":44},"end":{"line":74,"column":1}},"line":30},"2":{"name":"(anonymous_2)","decl":{"start":{"line":64,"column":10},"end":{"line":64,"column":11}},"loc":{"start":{"line":64,"column":24},"end":{"line":67,"column":3}},"line":64},"3":{"name":"(anonymous_3)","decl":{"start":{"line":68,"column":9},"end":{"line":68,"column":10}},"loc":{"start":{"line":68,"column":16},"end":{"line":68,"column":59}},"line":68},"4":{"name":"(anonymous_4)","decl":{"start":{"line":77,"column":19},"end":{"line":77,"column":20}},"loc":{"start":{"line":77,"column":39},"end":{"line":90,"column":1}},"line":77},"5":{"name":"(anonymous_5)","decl":{"start":{"line":93,"column":25},"end":{"line":93,"column":26}},"loc":{"start":{"line":93,"column":45},"end":{"line":106,"column":1}},"line":93},"6":{"name":"(anonymous_6)","decl":{"start":{"line":109,"column":22},"end":{"line":109,"column":23}},"loc":{"start":{"line":109,"column":42},"end":{"line":195,"column":1}},"line":109},"7":{"name":"(anonymous_7)","decl":{"start":{"line":198,"column":22},"end":{"line":198,"column":23}},"loc":{"start":{"line":198,"column":42},"end":{"line":210,"column":1}},"line":198},"8":{"name":"(anonymous_8)","decl":{"start":{"line":213,"column":22},"end":{"line":213,"column":23}},"loc":{"start":{"line":213,"column":42},"end":{"line":261,"column":1}},"line":213},"9":{"name":"(anonymous_9)","decl":{"start":{"line":264,"column":20},"end":{"line":264,"column":21}},"loc":{"start":{"line":264,"column":40},"end":{"line":311,"column":1}},"line":264},"10":{"name":"(anonymous_10)","decl":{"start":{"line":314,"column":23},"end":{"line":314,"column":24}},"loc":{"start":{"line":314,"column":43},"end":{"line":386,"column":1}},"line":314}},"branchMap":{"0":{"loc":{"start":{"line":38,"column":4},"end":{"line":38,"column":81}},"type":"if","locations":[{"start":{"line":38,"column":4},"end":{"line":38,"column":81}},{"start":{},"end":{}}],"line":38},"1":{"loc":{"start":{"line":40,"column":4},"end":{"line":40,"column":115}},"type":"if","locations":[{"start":{"line":40,"column":4},"end":{"line":40,"column":115}},{"start":{},"end":{}}],"line":40},"2":{"loc":{"start":{"line":41,"column":4},"end":{"line":41,"column":113}},"type":"if","locations":[{"start":{"line":41,"column":4},"end":{"line":41,"column":113}},{"start":{},"end":{}}],"line":41},"3":{"loc":{"start":{"line":46,"column":27},"end":{"line":46,"column":42}},"type":"binary-expr","locations":[{"start":{"line":46,"column":27},"end":{"line":46,"column":34}},{"start":{"line":46,"column":38},"end":{"line":46,"column":42}}],"line":46},"4":{"loc":{"start":{"line":53,"column":19},"end":{"line":53,"column":65}},"type":"cond-expr","locations":[{"start":{"line":53,"column":45},"end":{"line":53,"column":61}},{"start":{"line":53,"column":64},"end":{"line":53,"column":65}}],"line":53},"5":{"loc":{"start":{"line":71,"column":4},"end":{"line":71,"column":123}},"type":"if","locations":[{"start":{"line":71,"column":4},"end":{"line":71,"column":123}},{"start":{},"end":{}}],"line":71},"6":{"loc":{"start":{"line":111,"column":2},"end":{"line":112,"column":85}},"type":"if","locations":[{"start":{"line":111,"column":2},"end":{"line":112,"column":85}},{"start":{},"end":{}}],"line":111},"7":{"loc":{"start":{"line":123,"column":4},"end":{"line":123,"column":85}},"type":"if","locations":[{"start":{"line":123,"column":4},"end":{"line":123,"column":85}},{"start":{},"end":{}}],"line":123},"8":{"loc":{"start":{"line":125,"column":4},"end":{"line":126,"column":66}},"type":"if","locations":[{"start":{"line":125,"column":4},"end":{"line":126,"column":66}},{"start":{},"end":{}}],"line":125},"9":{"loc":{"start":{"line":125,"column":8},"end":{"line":125,"column":66}},"type":"binary-expr","locations":[{"start":{"line":125,"column":8},"end":{"line":125,"column":37}},{"start":{"line":125,"column":41},"end":{"line":125,"column":66}}],"line":125},"10":{"loc":{"start":{"line":134,"column":4},"end":{"line":153,"column":5}},"type":"if","locations":[{"start":{"line":134,"column":4},"end":{"line":153,"column":5}},{"start":{},"end":{}}],"line":134},"11":{"loc":{"start":{"line":134,"column":8},"end":{"line":134,"column":57}},"type":"binary-expr","locations":[{"start":{"line":134,"column":8},"end":{"line":134,"column":29}},{"start":{"line":134,"column":33},"end":{"line":134,"column":57}}],"line":134},"12":{"loc":{"start":{"line":160,"column":9},"end":{"line":160,"column":98}},"type":"cond-expr","locations":[{"start":{"line":160,"column":33},"end":{"line":160,"column":70}},{"start":{"line":160,"column":73},"end":{"line":160,"column":98}}],"line":160},"13":{"loc":{"start":{"line":161,"column":9},"end":{"line":163,"column":57}},"type":"cond-expr","locations":[{"start":{"line":162,"column":6},"end":{"line":162,"column":137}},{"start":{"line":163,"column":6},"end":{"line":163,"column":57}}],"line":161},"14":{"loc":{"start":{"line":162,"column":41},"end":{"line":162,"column":135}},"type":"cond-expr","locations":[{"start":{"line":162,"column":68},"end":{"line":162,"column":94}},{"start":{"line":162,"column":97},"end":{"line":162,"column":135}}],"line":162},"15":{"loc":{"start":{"line":179,"column":2},"end":{"line":185,"column":3}},"type":"if","locations":[{"start":{"line":179,"column":2},"end":{"line":185,"column":3}},{"start":{"line":182,"column":9},"end":{"line":185,"column":3}}],"line":179},"16":{"loc":{"start":{"line":190,"column":63},"end":{"line":190,"column":112}},"type":"binary-expr","locations":[{"start":{"line":190,"column":63},"end":{"line":190,"column":84}},{"start":{"line":190,"column":88},"end":{"line":190,"column":112}}],"line":190},"17":{"loc":{"start":{"line":203,"column":4},"end":{"line":203,"column":85}},"type":"if","locations":[{"start":{"line":203,"column":4},"end":{"line":203,"column":85}},{"start":{},"end":{}}],"line":203},"18":{"loc":{"start":{"line":204,"column":4},"end":{"line":204,"column":106}},"type":"if","locations":[{"start":{"line":204,"column":4},"end":{"line":204,"column":106}},{"start":{},"end":{}}],"line":204},"19":{"loc":{"start":{"line":205,"column":4},"end":{"line":205,"column":122}},"type":"if","locations":[{"start":{"line":205,"column":4},"end":{"line":205,"column":122}},{"start":{},"end":{}}],"line":205},"20":{"loc":{"start":{"line":226,"column":4},"end":{"line":226,"column":85}},"type":"if","locations":[{"start":{"line":226,"column":4},"end":{"line":226,"column":85}},{"start":{},"end":{}}],"line":226},"21":{"loc":{"start":{"line":230,"column":4},"end":{"line":232,"column":5}},"type":"if","locations":[{"start":{"line":230,"column":4},"end":{"line":232,"column":5}},{"start":{},"end":{}}],"line":230},"22":{"loc":{"start":{"line":230,"column":8},"end":{"line":230,"column":71}},"type":"binary-expr","locations":[{"start":{"line":230,"column":8},"end":{"line":230,"column":41}},{"start":{"line":230,"column":45},"end":{"line":230,"column":71}}],"line":230},"23":{"loc":{"start":{"line":234,"column":4},"end":{"line":236,"column":5}},"type":"if","locations":[{"start":{"line":234,"column":4},"end":{"line":236,"column":5}},{"start":{},"end":{}}],"line":234},"24":{"loc":{"start":{"line":277,"column":4},"end":{"line":277,"column":85}},"type":"if","locations":[{"start":{"line":277,"column":4},"end":{"line":277,"column":85}},{"start":{},"end":{}}],"line":277},"25":{"loc":{"start":{"line":280,"column":4},"end":{"line":282,"column":5}},"type":"if","locations":[{"start":{"line":280,"column":4},"end":{"line":282,"column":5}},{"start":{},"end":{}}],"line":280},"26":{"loc":{"start":{"line":297,"column":4},"end":{"line":299,"column":5}},"type":"if","locations":[{"start":{"line":297,"column":4},"end":{"line":299,"column":5}},{"start":{},"end":{}}],"line":297},"27":{"loc":{"start":{"line":297,"column":8},"end":{"line":297,"column":122}},"type":"binary-expr","locations":[{"start":{"line":297,"column":8},"end":{"line":297,"column":48}},{"start":{"line":297,"column":52},"end":{"line":297,"column":93}},{"start":{"line":297,"column":97},"end":{"line":297,"column":122}}],"line":297},"28":{"loc":{"start":{"line":328,"column":4},"end":{"line":328,"column":85}},"type":"if","locations":[{"start":{"line":328,"column":4},"end":{"line":328,"column":85}},{"start":{},"end":{}}],"line":328},"29":{"loc":{"start":{"line":332,"column":4},"end":{"line":341,"column":5}},"type":"if","locations":[{"start":{"line":332,"column":4},"end":{"line":341,"column":5}},{"start":{},"end":{}}],"line":332},"30":{"loc":{"start":{"line":332,"column":8},"end":{"line":332,"column":103}},"type":"binary-expr","locations":[{"start":{"line":332,"column":8},"end":{"line":332,"column":37}},{"start":{"line":332,"column":41},"end":{"line":332,"column":74}},{"start":{"line":332,"column":78},"end":{"line":332,"column":103}}],"line":332},"31":{"loc":{"start":{"line":338,"column":6},"end":{"line":340,"column":7}},"type":"if","locations":[{"start":{"line":338,"column":6},"end":{"line":340,"column":7}},{"start":{},"end":{}}],"line":338},"32":{"loc":{"start":{"line":338,"column":10},"end":{"line":338,"column":88}},"type":"binary-expr","locations":[{"start":{"line":338,"column":10},"end":{"line":338,"column":59}},{"start":{"line":338,"column":63},"end":{"line":338,"column":88}}],"line":338},"33":{"loc":{"start":{"line":348,"column":29},"end":{"line":348,"column":77}},"type":"binary-expr","locations":[{"start":{"line":348,"column":29},"end":{"line":348,"column":49}},{"start":{"line":348,"column":53},"end":{"line":348,"column":77}}],"line":348},"34":{"loc":{"start":{"line":352,"column":4},"end":{"line":358,"column":5}},"type":"if","locations":[{"start":{"line":352,"column":4},"end":{"line":358,"column":5}},{"start":{},"end":{}}],"line":352},"35":{"loc":{"start":{"line":357,"column":26},"end":{"line":357,"column":89}},"type":"binary-expr","locations":[{"start":{"line":357,"column":26},"end":{"line":357,"column":48}},{"start":{"line":357,"column":52},"end":{"line":357,"column":89}}],"line":357},"36":{"loc":{"start":{"line":360,"column":25},"end":{"line":360,"column":76}},"type":"binary-expr","locations":[{"start":{"line":360,"column":25},"end":{"line":360,"column":35}},{"start":{"line":360,"column":39},"end":{"line":360,"column":55}},{"start":{"line":360,"column":59},"end":{"line":360,"column":76}}],"line":360},"37":{"loc":{"start":{"line":364,"column":15},"end":{"line":364,"column":149}},"type":"cond-expr","locations":[{"start":{"line":364,"column":30},"end":{"line":364,"column":61}},{"start":{"line":364,"column":64},"end":{"line":364,"column":149}}],"line":364},"38":{"loc":{"start":{"line":370,"column":15},"end":{"line":381,"column":14}},"type":"cond-expr","locations":[{"start":{"line":370,"column":30},"end":{"line":381,"column":7}},{"start":{"line":381,"column":10},"end":{"line":381,"column":14}}],"line":370}},"s":{"0":1,"1":1,"2":1,"3":0,"4":1,"5":0,"6":0,"7":0,"8":0,"9":0,"10":0,"11":0,"12":0,"13":0,"14":0,"15":0,"16":0,"17":0,"18":0,"19":0,"20":0,"21":0,"22":0,"23":0,"24":0,"25":0,"26":0,"27":1,"28":0,"29":0,"30":0,"31":0,"32":1,"33":0,"34":0,"35":0,"36":0,"37":1,"38":0,"39":0,"40":0,"41":0,"42":0,"43":0,"44":0,"45":0,"46":0,"47":0,"48":0,"49":0,"50":0,"51":0,"52":0,"53":0,"54":0,"55":0,"56":0,"57":0,"58":0,"59":0,"60":0,"61":0,"62":0,"63":0,"64":0,"65":0,"66":0,"67":0,"68":0,"69":0,"70":0,"71":0,"72":0,"73":0,"74":1,"75":0,"76":0,"77":0,"78":0,"79":0,"80":0,"81":0,"82":0,"83":0,"84":0,"85":0,"86":1,"87":0,"88":0,"89":0,"90":0,"91":0,"92":0,"93":0,"94":0,"95":0,"96":0,"97":0,"98":0,"99":0,"100":0,"101":0,"102":0,"103":0,"104":0,"105":1,"106":0,"107":0,"108":0,"109":0,"110":0,"111":0,"112":0,"113":0,"114":0,"115":0,"116":0,"117":0,"118":0,"119":0,"120":1,"121":0,"122":0,"123":0,"124":0,"125":0,"126":0,"127":0,"128":0,"129":0,"130":0,"131":0,"132":0,"133":0,"134":0,"135":0,"136":0,"137":0,"138":0,"139":1},"f":{"0":0,"1":0,"2":0,"3":0,"4":0,"5":0,"6":0,"7":0,"8":0,"9":0,"10":0},"b":{"0":[0,0],"1":[0,0],"2":[0,0],"3":[0,0],"4":[0,0],"5":[0,0],"6":[0,0],"7":[0,0],"8":[0,0],"9":[0,0],"10":[0,0],"11":[0,0],"12":[0,0],"13":[0,0],"14":[0,0],"15":[0,0],"16":[0,0],"17":[0,0],"18":[0,0],"19":[0,0],"20":[0,0],"21":[0,0],"22":[0,0],"23":[0,0],"24":[0,0],"25":[0,0],"26":[0,0],"27":[0,0,0],"28":[0,0],"29":[0,0],"30":[0,0,0],"31":[0,0],"32":[0,0],"33":[0,0],"34":[0,0],"35":[0,0],"36":[0,0,0],"37":[0,0],"38":[0,0]},"_coverageSchema":"1a1c01bbd47fc00a2c39e90264f33305004495a9","hash":"96d6bb3d5402dd7ab4836f481cf1f2a3ef239e5d"}
,"/workspace/src/controllers/authController.js": {"path":"/workspace/src/controllers/authController.js","statementMap":{"0":{"start":{"line":1,"column":15},"end":{"line":1,"column":34}},"1":{"start":{"line":2,"column":15},"end":{"line":2,"column":32}},"2":{"start":{"line":3,"column":15},"end":{"line":3,"column":38}},"3":{"start":{"line":4,"column":15},"end":{"line":4,"column":36}},"4":{"start":{"line":6,"column":18},"end":{"line":7,"column":93}},"5":{"start":{"line":7,"column":2},"end":{"line":7,"column":93}},"6":{"start":{"line":10,"column":27},"end":{"line":10,"column":71}},"7":{"start":{"line":10,"column":33},"end":{"line":10,"column":71}},"8":{"start":{"line":13,"column":17},"end":{"line":34,"column":1}},"9":{"start":{"line":14,"column":52},"end":{"line":14,"column":60}},"10":{"start":{"line":15,"column":2},"end":{"line":16,"column":88}},"11":{"start":{"line":16,"column":4},"end":{"line":16,"column":88}},"12":{"start":{"line":18,"column":2},"end":{"line":33,"column":3}},"13":{"start":{"line":19,"column":19},"end":{"line":19,"column":106}},"14":{"start":{"line":20,"column":4},"end":{"line":20,"column":98}},"15":{"start":{"line":20,"column":28},"end":{"line":20,"column":98}},"16":{"start":{"line":22,"column":19},"end":{"line":22,"column":50}},"17":{"start":{"line":23,"column":21},"end":{"line":28,"column":5}},"18":{"start":{"line":30,"column":4},"end":{"line":30,"column":111}},"19":{"start":{"line":32,"column":4},"end":{"line":32,"column":75}},"20":{"start":{"line":37,"column":14},"end":{"line":55,"column":1}},"21":{"start":{"line":38,"column":30},"end":{"line":38,"column":38}},"22":{"start":{"line":39,"column":2},"end":{"line":39,"column":104}},"23":{"start":{"line":39,"column":27},"end":{"line":39,"column":104}},"24":{"start":{"line":41,"column":2},"end":{"line":54,"column":3}},"25":{"start":{"line":42,"column":21},"end":{"line":45,"column":5}},"26":{"start":{"line":46,"column":17},"end":{"line":46,"column":24}},"27":{"start":{"line":47,"column":4},"end":{"line":48,"column":77}},"28":{"start":{"line":48,"column":6},"end":{"line":48,"column":77}},"29":{"start":{"line":50,"column":41},"end":{"line":50,"column":45}},"30":{"start":{"line":51,"column":4},"end":{"line":51,"column":90}},"31":{"start":{"line":53,"column":4},"end":{"line":53,"column":75}},"32":{"start":{"line":58,"column":23},"end":{"line":99,"column":1}},"33":{"start":{"line":59,"column":20},"end":{"line":59,"column":28}},"34":{"start":{"line":60,"column":2},"end":{"line":60,"column":77}},"35":{"start":{"line":60,"column":14},"end":{"line":60,"column":77}},"36":{"start":{"line":62,"column":2},"end":{"line":98,"column":3}},"37":{"start":{"line":63,"column":21},"end":{"line":63,"column":121}},"38":{"start":{"line":64,"column":4},"end":{"line":67,"column":5}},"39":{"start":{"line":66,"column":6},"end":{"line":66,"column":88}},"40":{"start":{"line":68,"column":17},"end":{"line":68,"column":24}},"41":{"start":{"line":71,"column":4},"end":{"line":71,"column":116}},"42":{"start":{"line":74,"column":18},"end":{"line":74,"column":38}},"43":{"start":{"line":75,"column":22},"end":{"line":75,"column":59}},"44":{"start":{"line":76,"column":4},"end":{"line":79,"column":6}},"45":{"start":{"line":82,"column":22},"end":{"line":82,"column":108}},"46":{"start":{"line":83,"column":21},"end":{"line":83,"column":49}},"47":{"start":{"line":84,"column":4},"end":{"line":92,"column":6}},"48":{"start":{"line":94,"column":4},"end":{"line":94,"column":79}},"49":{"start":{"line":96,"column":4},"end":{"line":96,"column":57}},"50":{"start":{"line":97,"column":4},"end":{"line":97,"column":75}},"51":{"start":{"line":102,"column":22},"end":{"line":147,"column":1}},"52":{"start":{"line":103,"column":33},"end":{"line":103,"column":41}},"53":{"start":{"line":104,"column":2},"end":{"line":106,"column":3}},"54":{"start":{"line":105,"column":4},"end":{"line":105,"column":85}},"55":{"start":{"line":108,"column":2},"end":{"line":146,"column":3}},"56":{"start":{"line":109,"column":21},"end":{"line":115,"column":5}},"57":{"start":{"line":117,"column":4},"end":{"line":119,"column":5}},"58":{"start":{"line":118,"column":6},"end":{"line":118,"column":82}},"59":{"start":{"line":121,"column":31},"end":{"line":121,"column":38}},"60":{"start":{"line":122,"column":19},"end":{"line":122,"column":53}},"61":{"start":{"line":124,"column":19},"end":{"line":124,"column":39}},"62":{"start":{"line":125,"column":4},"end":{"line":140,"column":5}},"63":{"start":{"line":126,"column":6},"end":{"line":126,"column":34}},"64":{"start":{"line":129,"column":6},"end":{"line":129,"column":92}},"65":{"start":{"line":132,"column":6},"end":{"line":132,"column":99}},"66":{"start":{"line":134,"column":6},"end":{"line":134,"column":35}},"67":{"start":{"line":136,"column":6},"end":{"line":136,"column":37}},"68":{"start":{"line":137,"column":6},"end":{"line":137,"column":16}},"69":{"start":{"line":139,"column":6},"end":{"line":139,"column":23}},"70":{"start":{"line":142,"column":4},"end":{"line":142,"column":58}},"71":{"start":{"line":144,"column":4},"end":{"line":144,"column":56}},"72":{"start":{"line":145,"column":4},"end":{"line":145,"column":75}},"73":{"start":{"line":149,"column":0},"end":{"line":149,"column":68}}},"fnMap":{"0":{"name":"(anonymous_0)","decl":{"start":{"line":6,"column":18},"end":{"line":6,"column":19}},"loc":{"start":{"line":7,"column":2},"end":{"line":7,"column":93}},"line":7},"1":{"name":"(anonymous_1)","decl":{"start":{"line":10,"column":27},"end":{"line":10,"column":28}},"loc":{"start":{"line":10,"column":33},"end":{"line":10,"column":71}},"line":10},"2":{"name":"(anonymous_2)","decl":{"start":{"line":13,"column":17},"end":{"line":13,"column":18}},"loc":{"start":{"line":13,"column":37},"end":{"line":34,"column":1}},"line":13},"3":{"name":"(anonymous_3)","decl":{"start":{"line":37,"column":14},"end":{"line":37,"column":15}},"loc":{"start":{"line":37,"column":34},"end":{"line":55,"column":1}},"line":37},"4":{"name":"(anonymous_4)","decl":{"start":{"line":58,"column":23},"end":{"line":58,"column":24}},"loc":{"start":{"line":58,"column":43},"end":{"line":99,"column":1}},"line":58},"5":{"name":"(anonymous_5)","decl":{"start":{"line":102,"column":22},"end":{"line":102,"column":23}},"loc":{"start":{"line":102,"column":42},"end":{"line":147,"column":1}},"line":102}},"branchMap":{"0":{"loc":{"start":{"line":7,"column":56},"end":{"line":7,"column":90}},"type":"binary-expr","locations":[{"start":{"line":7,"column":56},"end":{"line":7,"column":82}},{"start":{"line":7,"column":86},"end":{"line":7,"column":90}}],"line":7},"1":{"loc":{"start":{"line":15,"column":2},"end":{"line":16,"column":88}},"type":"if","locations":[{"start":{"line":15,"column":2},"end":{"line":16,"column":88}},{"start":{},"end":{}}],"line":15},"2":{"loc":{"start":{"line":15,"column":6},"end":{"line":15,"column":34}},"type":"binary-expr","locations":[{"start":{"line":15,"column":6},"end":{"line":15,"column":11}},{"start":{"line":15,"column":15},"end":{"line":15,"column":21}},{"start":{"line":15,"column":25},"end":{"line":15,"column":34}}],"line":15},"3":{"loc":{"start":{"line":20,"column":4},"end":{"line":20,"column":98}},"type":"if","locations":[{"start":{"line":20,"column":4},"end":{"line":20,"column":98}},{"start":{},"end":{}}],"line":20},"4":{"loc":{"start":{"line":27,"column":49},"end":{"line":27,"column":62}},"type":"binary-expr","locations":[{"start":{"line":27,"column":49},"end":{"line":27,"column":54}},{"start":{"line":27,"column":58},"end":{"line":27,"column":62}}],"line":27},"5":{"loc":{"start":{"line":27,"column":64},"end":{"line":27,"column":79}},"type":"binary-expr","locations":[{"start":{"line":27,"column":64},"end":{"line":27,"column":71}},{"start":{"line":27,"column":75},"end":{"line":27,"column":79}}],"line":27},"6":{"loc":{"start":{"line":39,"column":2},"end":{"line":39,"column":104}},"type":"if","locations":[{"start":{"line":39,"column":2},"end":{"line":39,"column":104}},{"start":{},"end":{}}],"line":39},"7":{"loc":{"start":{"line":39,"column":6},"end":{"line":39,"column":25}},"type":"binary-expr","locations":[{"start":{"line":39,"column":6},"end":{"line":39,"column":12}},{"start":{"line":39,"column":16},"end":{"line":39,"column":25}}],"line":39},"8":{"loc":{"start":{"line":47,"column":4},"end":{"line":48,"column":77}},"type":"if","locations":[{"start":{"line":47,"column":4},"end":{"line":48,"column":77}},{"start":{},"end":{}}],"line":47},"9":{"loc":{"start":{"line":47,"column":8},"end":{"line":47,"column":65}},"type":"binary-expr","locations":[{"start":{"line":47,"column":8},"end":{"line":47,"column":13}},{"start":{"line":47,"column":17},"end":{"line":47,"column":65}}],"line":47},"10":{"loc":{"start":{"line":60,"column":2},"end":{"line":60,"column":77}},"type":"if","locations":[{"start":{"line":60,"column":2},"end":{"line":60,"column":77}},{"start":{},"end":{}}],"line":60},"11":{"loc":{"start":{"line":64,"column":4},"end":{"line":67,"column":5}},"type":"if","locations":[{"start":{"line":64,"column":4},"end":{"line":67,"column":5}},{"start":{},"end":{}}],"line":64},"12":{"loc":{"start":{"line":82,"column":25},"end":{"line":82,"column":76}},"type":"binary-expr","locations":[{"start":{"line":82,"column":25},"end":{"line":82,"column":49}},{"start":{"line":82,"column":53},"end":{"line":82,"column":76}}],"line":82},"13":{"loc":{"start":{"line":104,"column":2},"end":{"line":106,"column":3}},"type":"if","locations":[{"start":{"line":104,"column":2},"end":{"line":106,"column":3}},{"start":{},"end":{}}],"line":104},"14":{"loc":{"start":{"line":104,"column":6},"end":{"line":104,"column":28}},"type":"binary-expr","locations":[{"start":{"line":104,"column":6},"end":{"line":104,"column":12}},{"start":{"line":104,"column":16},"end":{"line":104,"column":28}}],"line":104},"15":{"loc":{"start":{"line":117,"column":4},"end":{"line":119,"col
[...]
,"/workspace/src/services/ayapay.js": {"path":"/workspace/src/services/ayapay.js","statementMap":{"0":{"start":{"line":6,"column":18},"end":{"line":6,"column":75}},"1":{"start":{"line":7,"column":18},"end":{"line":7,"column":44}},"2":{"start":{"line":8,"column":18},"end":{"line":8,"column":48}},"3":{"start":{"line":10,"column":24},"end":{"line":19,"column":1}},"4":{"start":{"line":11,"column":14},"end":{"line":15,"column":4}},"5":{"start":{"line":16,"column":2},"end":{"line":16,"column":118}},"6":{"start":{"line":16,"column":27},"end":{"line":16,"column":61}},"7":{"start":{"line":16,"column":57},"end":{"line":16,"column":59}},"8":{"start":{"line":16,"column":63},"end":{"line":16,"column":116}},"9":{"start":{"line":17,"column":15},"end":{"line":17,"column":31}},"10":{"start":{"line":18,"column":2},"end":{"line":18,"column":109}},"11":{"start":{"line":21,"column":22},"end":{"line":29,"column":1}},"12":{"start":{"line":22,"column":14},"end":{"line":24,"column":4}},"13":{"start":{"line":25,"column":2},"end":{"line":25,"column":118}},"14":{"start":{"line":25,"column":27},"end":{"line":25,"column":61}},"15":{"start":{"line":25,"column":57},"end":{"line":25,"column":59}},"16":{"start":{"line":25,"column":63},"end":{"line":25,"column":116}},"17":{"start":{"line":26,"column":15},"end":{"line":26,"column":31}},"18":{"start":{"line":27,"column":14},"end":{"line":27,"column":98}},"19":{"start":{"line":28,"column":2},"end":{"line":28,"column":70}},"20":{"start":{"line":31,"column":0},"end":{"line":31,"column":52}}},"fnMap":{"0":{"name":"(anonymous_0)","decl":{"start":{"line":10,"column":24},"end":{"line":10,"column":25}},"loc":{"start":{"line":10,"column":86},"end":{"line":19,"column":1}},"line":10},"1":{"name":"(anonymous_1)","decl":{"start":{"line":16,"column":50},"end":{"line":16,"column":51}},"loc":{"start":{"line":16,"column":57},"end":{"line":16,"column":59}},"line":16},"2":{"name":"(anonymous_2)","decl":{"start":{"line":21,"column":22},"end":{"line":21,"column":23}},"loc":{"start":{"line":21,"column":43},"end":{"line":29,"column":1}},"line":21},"3":{"name":"(anonymous_3)","decl":{"start":{"line":25,"column":50},"end":{"line":25,"column":51}},"loc":{"start":{"line":25,"column":57},"end":{"line":25,"column":59}},"line":25}},"branchMap":{"0":{"loc":{"start":{"line":6,"column":18},"end":{"line":6,"column":75}},"type":"binary-expr","locations":[{"start":{"line":6,"column":18},"end":{"line":6,"column":45}},{"start":{"line":6,"column":51},"end":{"line":6,"column":75}}],"line":6},"1":{"loc":{"start":{"line":10,"column":41},"end":{"line":10,"column":57}},"type":"default-arg","locations":[{"start":{"line":10,"column":52},"end":{"line":10,"column":57}}],"line":10},"2":{"loc":{"start":{"line":16,"column":2},"end":{"line":16,"column":118}},"type":"if","locations":[{"start":{"line":16,"column":2},"end":{"line":16,"column":118}},{"start":{},"end":{}}],"line":16},"3":{"loc":{"start":{"line":16,"column":79},"end":{"line":16,"column":114}},"type":"binary-expr","locations":[{"start":{"line":16,"column":79},"end":{"line":16,"column":88}},{"start":{"line":16,"column":92},"end":{"line":16,"column":114}}],"line":16},"4":{"loc":{"start":{"line":18,"column":22},"end":{"line":18,"column":58}},"type":"binary-expr","locations":[{"start":{"line":18,"column":22},"end":{"line":18,"column":40}},{"start":{"line":18,"column":44},"end":{"line":18,"column":58}}],"line":18},"5":{"loc":{"start":{"line":25,"column":2},"end":{"line":25,"column":118}},"type":"if","locations":[{"start":{"line":25,"column":2},"end":{"line":25,"column":118}},{"start":{},"end":{}}],"line":25},"6":{"loc":{"start":{"line":25,"column":79},"end":{"line":25,"column":114}},"type":"binary-expr","locations":[{"start":{"line":25,"column":79},"end":{"line":25,"column":88}},{"start":{"line":25,"column":92},"end":{"line":25,"column":114}}],"line":25},"7":{"loc":{"start":{"line":28,"column":19},"end":{"line":28,"column":48}},"type":"binary-expr","locations":[{"start":{"line":28,"column":19},"end":{"line":28,"column":35}},{"start":{"line":28,"column":39},"end":{"line":28,"column":48}}],"line":28}},"s":{"0":1,"1":1,"2":1,"3":1,"4":0,"5":0,"6":0,"7":0,"8":0,"9":0,"10":0,"11":1,"12":0,"13":0,"14":0,"15":0,"16":0,"17":0,"18":0,"19":0,"20":1},"f":{"0":0,"1":0,"2":0,"3":0},"b":{"0":[1,1],"1":[0],"2":[0,0],"3":[0,0],"4":[0,0],"5":[0,0],"6":[0,0],"7":[0,0]},"_coverageSchema":"1a1c01bbd47fc00a2c39e90264f33305004495a9","hash":"5255ae72623f0b62623e1ab87a14ec3d4dce9da7"}
,"/workspace/src/services/email.js": {"path":"/workspace/src/services/email.js","statementMap":{"0":{"start":{"line":1,"column":19},"end":{"line":1,"column":40}},"1":{"start":{"line":3,"column":20},"end":{"line":11,"column":2}},"2":{"start":{"line":13,"column":13},"end":{"line":14,"column":75}},"3":{"start":{"line":14,"column":2},"end":{"line":14,"column":75}},"4":{"start":{"line":18,"column":15},"end":{"line":69,"column":1}},"5":{"start":{"line":19,"column":67},"end":{"line":24,"column":3}},"6":{"start":{"line":26,"column":57},"end":{"line":34,"column":3}},"7":{"start":{"line":36,"column":49},"end":{"line":41,"column":3}},"8":{"start":{"line":43,"column":62},"end":{"line":48,"column":3}},"9":{"start":{"line":50,"column":55},"end":{"line":57,"column":3}},"10":{"start":{"line":59,"column":85},"end":{"line":68,"column":3}},"11":{"start":{"line":71,"column":0},"end":{"line":71,"column":34}}},"fnMap":{"0":{"name":"(anonymous_0)","decl":{"start":{"line":13,"column":13},"end":{"line":13,"column":14}},"loc":{"start":{"line":14,"column":2},"end":{"line":14,"column":75}},"line":14},"1":{"name":"(anonymous_1)","decl":{"start":{"line":19,"column":27},"end":{"line":19,"column":28}},"loc":{"start":{"line":19,"column":67},"end":{"line":24,"column":3}},"line":19},"2":{"name":"(anonymous_2)","decl":{"start":{"line":26,"column":20},"end":{"line":26,"column":21}},"loc":{"start":{"line":26,"column":57},"end":{"line":34,"column":3}},"line":26},"3":{"name":"(anonymous_3)","decl":{"start":{"line":36,"column":20},"end":{"line":36,"column":21}},"loc":{"start":{"line":36,"column":49},"end":{"line":41,"column":3}},"line":36},"4":{"name":"(anonymous_4)","decl":{"start":{"line":43,"column":20},"end":{"line":43,"column":21}},"loc":{"start":{"line":43,"column":62},"end":{"line":48,"column":3}},"line":43},"5":{"name":"(anonymous_5)","decl":{"start":{"line":50,"column":20},"end":{"line":50,"column":21}},"loc":{"start":{"line":50,"column":55},"end":{"line":57,"column":3}},"line":50},"6":{"name":"(anonymous_6)","decl":{"start":{"line":59,"column":18},"end":{"line":59,"column":19}},"loc":{"start":{"line":59,"column":85},"end":{"line":68,"column":3}},"line":59}},"branchMap":{"0":{"loc":{"start":{"line":30,"column":13},"end":{"line":32,"column":78}},"type":"cond-expr","locations":[{"start":{"line":31,"column":15},"end":{"line":31,"column":83}},{"start":{"line":32,"column":15},"end":{"line":32,"column":78}}],"line":30},"1":{"loc":{"start":{"line":64,"column":13},"end":{"line":64,"column":81}},"type":"cond-expr","locations":[{"start":{"line":64,"column":27},"end":{"line":64,"column":76}},{"start":{"line":64,"column":79},"end":{"line":64,"column":81}}],"line":64}},"s":{"0":1,"1":1,"2":1,"3":0,"4":1,"5":0,"6":0,"7":0,"8":0,"9":0,"10":0,"11":1},"f":{"0":0,"1":0,"2":0,"3":0,"4":0,"5":0,"6":0},"b":{"0":[0,0],"1":[0,0]},"_coverageSchema":"1a1c01bbd47fc00a2c39e90264f33305004495a9","hash":"29d75a6f0b92f5c040a0aa474bd09a116b7bace0"}
,"/workspace/src/services/notify.js": {"path":"/workspace/src/services/notify.js","statementMap":{"0":{"start":{"line":1,"column":13},"end":{"line":1,"column":34}},"1":{"start":{"line":3,"column":15},"end":{"line":13,"column":1}},"2":{"start":{"line":4,"column":2},"end":{"line":12,"column":3}},"3":{"start":{"line":5,"column":4},"end":{"line":9,"column":6}},"4":{"start":{"line":11,"column":4},"end":{"line":11,"column":67}},"5":{"start":{"line":15,"column":0},"end":{"line":15,"column":24}}},"fnMap":{"0":{"name":"(anonymous_0)","decl":{"start":{"line":3,"column":15},"end":{"line":3,"column":16}},"loc":{"start":{"line":3,"column":76},"end":{"line":13,"column":1}},"line":3}},"branchMap":{"0":{"loc":{"start":{"line":3,"column":45},"end":{"line":3,"column":56}},"type":"default-arg","locations":[{"start":{"line":3,"column":52},"end":{"line":3,"column":56}}],"line":3},"1":{"loc":{"start":{"line":3,"column":58},"end":{"line":3,"column":69}},"type":"default-arg","locations":[{"start":{"line":3,"column":65},"end":{"line":3,"column":69}}],"line":3}},"s":{"0":1,"1":1,"2":0,"3":0,"4":0,"5":1},"f":{"0":0},"b":{"0":[0],"1":[0]},"_coverageSchema":"1a1c01bbd47fc00a2c39e90264f33305004495a9","hash":"078988cd7ae199d7eb9c81fc663732f2c98730f6"}
,"/workspace/src/services/scheduler.js": {"path":"/workspace/src/services/scheduler.js","statementMap":{"0":{"start":{"line":1,"column":13},"end":{"line":1,"column":33}},"1":{"start":{"line":2,"column":13},"end":{"line":2,"column":34}},"2":{"start":{"line":3,"column":25},"end":{"line":3,"column":43}},"3":{"start":{"line":6,"column":26},"end":{"line":22,"column":1}},"4":{"start":{"line":7,"column":2},"end":{"line":21,"column":5}},"5":{"start":{"line":8,"column":4},"end":{"line":8,"column":54}},"6":{"start":{"line":10,"column":4},"end":{"line":20,"column":5}},"7":{"start":{"line":12,"column":6},"end":{"line":12,"column":39}},"8":{"start":{"line":15,"column":6},"end":{"line":15,"column":37}},"9":{"start":{"line":17,"column":6},"end":{"line":17,"column":56}},"10":{"start":{"line":19,"column":6},"end":{"line":19,"column":71}},"11":{"start":{"line":25,"column":33},"end":{"line":74,"column":1}},"12":{"start":{"line":26,"column":14},"end":{"line":26,"column":24}},"13":{"start":{"line":29,"column":19},"end":{"line":40,"column":3}},"14":{"start":{"line":42,"column":2},"end":{"line":73,"column":3}},"15":{"start":{"line":43,"column":4},"end":{"line":72,"column":5}},"16":{"start":{"line":47,"column":6},"end":{"line":59,"column":7}},"17":{"start":{"line":49,"column":10},"end":{"line":49,"column":102}},"18":{"start":{"line":50,"column":10},"end":{"line":50,"column":16}},"19":{"start":{"line":52,"column":10},"end":{"line":52,"column":103}},"20":{"start":{"line":53,"column":10},"end":{"line":53,"column":16}},"21":{"start":{"line":55,"column":10},"end":{"line":55,"column":104}},"22":{"start":{"line":56,"column":10},"end":{"line":56,"column":16}},"23":{"start":{"line":58,"column":10},"end":{"line":58,"column":19}},"24":{"start":{"line":61,"column":6},"end":{"line":61,"column":84}},"25":{"start":{"line":64,"column":6},"end":{"line":67,"column":8}},"26":{"start":{"line":69,"column":6},"end":{"line":69,"column":100}},"27":{"start":{"line":71,"column":6},"end":{"line":71,"column":90}},"28":{"start":{"line":77,"column":31},"end":{"line":121,"column":1}},"29":{"start":{"line":78,"column":27},"end":{"line":78,"column":37}},"30":{"start":{"line":79,"column":2},"end":{"line":79,"column":59}},"31":{"start":{"line":82,"column":19},"end":{"line":100,"column":3}},"32":{"start":{"line":102,"column":2},"end":{"line":120,"column":3}},"33":{"start":{"line":103,"column":4},"end":{"line":119,"column":5}},"34":{"start":{"line":104,"column":27},"end":{"line":104,"column":89}},"35":{"start":{"line":105,"column":28},"end":{"line":112,"column":7}},"36":{"start":{"line":114,"column":6},"end":{"line":114,"column":77}},"37":{"start":{"line":116,"column":6},"end":{"line":116,"column":98}},"38":{"start":{"line":118,"column":6},"end":{"line":118,"column":90}},"39":{"start":{"line":123,"column":0},"end":{"line":123,"column":39}}},"fnMap":{"0":{"name":"(anonymous_0)","decl":{"start":{"line":6,"column":26},"end":{"line":6,"column":27}},"loc":{"start":{"line":6,"column":32},"end":{"line":22,"column":1}},"line":6},"1":{"name":"(anonymous_1)","decl":{"start":{"line":7,"column":29},"end":{"line":7,"column":30}},"loc":{"start":{"line":7,"column":41},"end":{"line":21,"column":3}},"line":7},"2":{"name":"(anonymous_2)","decl":{"start":{"line":25,"column":33},"end":{"line":25,"column":34}},"loc":{"start":{"line":25,"column":45},"end":{"line":74,"column":1}},"line":25},"3":{"name":"(anonymous_3)","decl":{"start":{"line":77,"column":31},"end":{"line":77,"column":32}},"loc":{"start":{"line":77,"column":43},"end":{"line":121,"column":1}},"line":77}},"branchMap":{"0":{"loc":{"start":{"line":47,"column":6},"end":{"line":59,"column":7}},"type":"switch","locations":[{"start":{"line":48,"column":8},"end":{"line":50,"column":16}},{"start":{"line":51,"column":8},"end":{"line":53,"column":16}},{"start":{"line":54,"column":8},"end":{"line":56,"column":16}},{"start":{"line":57,"column":8},"end":{"line":58,"column":19}}],"line":47},"1":{"loc":{"start":{"line":109,"column":8},"end":{"line":109,"column":29}},"type":"binary-expr","locations":[{"start":{"line":109,"column":8},"end":{"line":109,"column":23}},{"start":{"line":109,"column":27},"end":{"line":109,"column":29}}],"line":109}},"s":{"0":1,"1":1,"2":1,"3":1,"4":0,"5":0,"6":0,"7":0,"8":0,"9":0,"10":0,"11":1,"12":0,"13":0,"14":0,"15":0,"16":0,"17":0,"18":0,"19":0,"20":0,"21":0,"22":0,"23":0,"24":0,"25":0,"26":0,"27":0,"28":1,"29":0,"30":0,"31":0,"32":0,"33":0,"34":0,"35":0,"36":0,"37":0,"38":0,"39":1},"f":{"0":0,"1":0,"2":0,"3":0},"b":{"0":[0,0,0,0],"1":[0,0]},"_coverageSchema":"1a1c01bbd47fc00a2c39e90264f33305004495a9","hash":"7ad48b31b9c4478b141fdfec4531a7bfbfc055fb"}
,"/workspace/src/services/seedAdmin.js": {"path":"/workspace/src/services/seedAdmin.js","statementMap":{"0":{"start":{"line":1,"column":15},"end":{"line":1,"column":34}},"1":{"start":{"line":2,"column":15},"end":{"line":2,"column":36}},"2":{"start":{"line":9,"column":18},"end":{"line":62,"column":1}},"3":{"start":{"line":10,"column":19},"end":{"line":10,"column":42}},"4":{"start":{"line":11,"column":19},"end":{"line":11,"column":45}},"5":{"start":{"line":12,"column":19},"end":{"line":12,"column":52}},"6":{"start":{"line":14,"column":2},"end":{"line":17,"column":3}},"7":{"start":{"line":15,"column":4},"end":{"line":15,"column":84}},"8":{"start":{"line":16,"column":4},"end":{"line":16,"column":11}},"9":{"start":{"line":19,"column":2},"end":{"line":61,"column":3}},"10":{"start":{"line":21,"column":18},"end":{"line":23,"column":5}},"11":{"start":{"line":24,"column":4},"end":{"line":27,"column":5}},"12":{"start":{"line":25,"column":6},"end":{"line":25,"column":58}},"13":{"start":{"line":26,"column":6},"end":{"line":26,"column":13}},"14":{"start":{"line":30,"column":21},"end":{"line":33,"column":5}},"15":{"start":{"line":35,"column":4},"end":{"line":51,"column":5}},"16":{"start":{"line":37,"column":6},"end":{"line":40,"column":8}},"17":{"start":{"line":41,"column":6},"end":{"line":41,"column":65}},"18":{"start":{"line":44,"column":21},"end":{"line":44,"column":52}},"19":{"start":{"line":45,"column":6},"end":{"line":49,"column":8}},"20":{"start":{"line":50,"column":6},"end":{"line":50,"column":55}},"21":{"start":{"line":54,"column":4},"end":{"line":58,"column":6}},"22":{"start":{"line":60,"column":4},"end":{"line":60,"column":55}},"23":{"start":{"line":64,"column":0},"end":{"line":64,"column":27}}},"fnMap":{"0":{"name":"(anonymous_0)","decl":{"start":{"line":9,"column":18},"end":{"line":9,"column":19}},"loc":{"start":{"line":9,"column":30},"end":{"line":62,"column":1}},"line":9}},"branchMap":{"0":{"loc":{"start":{"line":12,"column":19},"end":{"line":12,"column":52}},"type":"binary-expr","locations":[{"start":{"line":12,"column":19},"end":{"line":12,"column":41}},{"start":{"line":12,"column":45},"end":{"line":12,"column":52}}],"line":12},"1":{"loc":{"start":{"line":14,"column":2},"end":{"line":17,"column":3}},"type":"if","locations":[{"start":{"line":14,"column":2},"end":{"line":17,"column":3}},{"start":{},"end":{}}],"line":14},"2":{"loc":{"start":{"line":14,"column":6},"end":{"line":14,"column":25}},"type":"binary-expr","locations":[{"start":{"line":14,"column":6},"end":{"line":14,"column":12}},{"start":{"line":14,"column":16},"end":{"line":14,"column":25}}],"line":14},"3":{"loc":{"start":{"line":24,"column":4},"end":{"line":27,"column":5}},"type":"if","locations":[{"start":{"line":24,"column":4},"end":{"line":27,"column":5}},{"start":{},"end":{}}],"line":24},"4":{"loc":{"start":{"line":24,"column":8},"end":{"line":24,"column":59}},"type":"binary-expr","locations":[{"start":{"line":24,"column":8},"end":{"line":24,"column":25}},{"start":{"line":24,"column":29},"end":{"line":24,"column":59}}],"line":24},"5":{"loc":{"start":{"line":35,"column":4},"end":{"line":51,"column":5}},"type":"if","locations":[{"start":{"line":35,"column":4},"end":{"line":51,"column":5}},{"start":{"line":42,"column":11},"end":{"line":51,"column":5}}],"line":35}},"s":{"0":1,"1":1,"2":1,"3":0,"4":0,"5":0,"6":0,"7":0,"8":0,"9":0,"10":0,"11":0,"12":0,"13":0,"14":0,"15":0,"16":0,"17":0,"18":0,"19":0,"20":0,"21":0,"22":0,"23":1},"f":{"0":0},"b":{"0":[0,0],"1":[0,0],"2":[0,0],"3":[0,0],"4":[0,0],"5":[0,0]},"_coverageSchema":"1a1c01bbd47fc00a2c39e90264f33305004495a9","hash":"aaab35379eb079a230db62617f9ae1043cfead37"}
,"/workspace/src/services/upload.js": {"path":"/workspace/src/services/upload.js","statementMap":{"0":{"start":{"line":1,"column":15},"end":{"line":1,"column":32}},"1":{"start":{"line":2,"column":15},"end":{"line":2,"column":30}},"2":{"start":{"line":3,"column":15},"end":{"line":3,"column":28}},"3":{"start":{"line":5,"column":20},"end":{"line":16,"column":1}},"4":{"start":{"line":6,"column":14},"end":{"line":6,"column":59}},"5":{"start":{"line":7,"column":2},"end":{"line":7,"column":66}},"6":{"start":{"line":7,"column":27},"end":{"line":7,"column":66}},"7":{"start":{"line":9,"column":2},"end":{"line":15,"column":5}},"8":{"start":{"line":10,"column":38},"end":{"line":10,"column":51}},"9":{"start":{"line":12,"column":21},"end":{"line":12,"column":71}},"10":{"start":{"line":13,"column":6},"end":{"line":13,"column":71}},"11":{"start":{"line":18,"column":19},"end":{"line":22,"column":1}},"12":{"start":{"line":19,"column":18},"end":{"line":19,"column":52}},"13":{"start":{"line":20,"column":14},"end":{"line":20,"column":59}},"14":{"start":{"line":21,"column":2},"end":{"line":21,"column":95}},"15":{"start":{"line":24,"column":13},"end":{"line":24,"column":66}},"16":{"start":{"line":26,"column":26},"end":{"line":26,"column":78}},"17":{"start":{"line":27,"column":26},"end":{"line":27,"column":78}},"18":{"start":{"line":28,"column":26},"end":{"line":28,"column":78}},"19":{"start":{"line":30,"column":0},"end":{"line":30,"column":73}}},"fnMap":{"0":{"name":"(anonymous_0)","decl":{"start":{"line":5,"column":20},"end":{"line":5,"column":21}},"loc":{"start":{"line":5,"column":32},"end":{"line":16,"column":1}},"line":5},"1":{"name":"(anonymous_1)","decl":{"start":{"line":10,"column":17},"end":{"line":10,"column":18}},"loc":{"start":{"line":10,"column":38},"end":{"line":10,"column":51}},"line":10},"2":{"name":"(anonymous_2)","decl":{"start":{"line":11,"column":17},"end":{"line":11,"column":18}},"loc":{"start":{"line":11,"column":37},"end":{"line":14,"column":5}},"line":11},"3":{"name":"(anonymous_3)","decl":{"start":{"line":18,"column":19},"end":{"line":18,"column":20}},"loc":{"start":{"line":18,"column":39},"end":{"line":22,"column":1}},"line":18}},"branchMap":{"0":{"loc":{"start":{"line":7,"column":2},"end":{"line":7,"column":66}},"type":"if","locations":[{"start":{"line":7,"column":2},"end":{"line":7,"column":66}},{"start":{},"end":{}}],"line":7},"1":{"loc":{"start":{"line":21,"column":2},"end":{"line":21,"column":94}},"type":"cond-expr","locations":[{"start":{"line":21,"column":26},"end":{"line":21,"column":40}},{"start":{"line":21,"column":43},"end":{"line":21,"column":94}}],"line":21}},"s":{"0":1,"1":1,"2":1,"3":1,"4":3,"5":3,"6":0,"7":3,"8":0,"9":0,"10":0,"11":1,"12":0,"13":0,"14":0,"15":1,"16":1,"17":1,"18":1,"19":1},"f":{"0":3,"1":0,"2":0,"3":0},"b":{"0":[0,3],"1":[0,0]},"_coverageSchema":"1a1c01bbd47fc00a2c39e90264f33305004495a9","hash":"f242c9d079f68bbe024ac06419df0359ddee1369"}
}
